avg triplet loss (train set)	
 1.5997e-01	
 1.5211e-01	
 1.5039e-01	
 1.4921e-01	
 1.4874e-01	
 1.4819e-01	
 1.4799e-01	
 1.4776e-01	
 1.4781e-01	
 1.4745e-01	
 1.4742e-01	
 1.4715e-01	
 1.4701e-01	
 1.4691e-01	
 1.4689e-01	
 1.4684e-01	
 1.4668e-01	
 1.4681e-01	
 1.4648e-01	
 1.4648e-01	
 1.4642e-01	
 1.4645e-01	
 1.4622e-01	
 1.4616e-01	
 1.4610e-01	
 1.4620e-01	
 1.4597e-01	
 1.4600e-01	
 1.4611e-01	
 1.4620e-01	
 1.4603e-01	
 1.4586e-01	
 1.4606e-01	
 1.4629e-01	
 1.4584e-01	
 1.4581e-01	
 1.4587e-01	
 1.4580e-01	
 1.4572e-01	
 1.4586e-01	
 1.4574e-01	
 1.4562e-01	
 1.4550e-01	
 1.4557e-01	
 1.4544e-01	
 1.4564e-01	
 1.4580e-01	
 1.4535e-01	
 1.4551e-01	
 1.4546e-01	
