avg triplet loss (train set)	
 2.0093e-01	
 2.0096e-01	
 2.0111e-01	
 2.0119e-01	
 2.0136e-01	
 2.0206e-01	
 2.0231e-01	
 2.0297e-01	
 2.0388e-01	
 2.0373e-01	
 2.0409e-01	
 2.0423e-01	
 2.0529e-01	
 2.0454e-01	
 2.0436e-01	
 2.0684e-01	
 2.0654e-01	
 2.0513e-01	
 2.0747e-01	
 2.0685e-01	
 2.0609e-01	
 2.0723e-01	
 2.0563e-01	
 2.0552e-01	
 2.0847e-01	
 2.0694e-01	
 2.0517e-01	
 2.0836e-01	
 2.0647e-01	
 2.0644e-01	
 2.1098e-01	
 2.0862e-01	
 2.0768e-01	
 2.1032e-01	
 2.0769e-01	
 2.0902e-01	
 2.0542e-01	
 2.1093e-01	
 2.0857e-01	
 2.0920e-01	
 2.1016e-01	
 2.1179e-01	
 2.1145e-01	
 2.1088e-01	
 2.1089e-01	
 2.0999e-01	
 2.0939e-01	
 2.1161e-01	
 2.1008e-01	
 2.1148e-01	
 2.0605e-01	
 2.1047e-01	
 2.1088e-01	
 2.0783e-01	
 2.1090e-01	
 2.1170e-01	
 2.0930e-01	
 2.1871e-01	
 2.1128e-01	
 2.1460e-01	
 2.1011e-01	
 2.1138e-01	
