0.55153425399
0.614233091458
0.711762306472
0.794733384548
0.830366709265
0.87951535055
0.899892096503
0.903375349069
0.92977797924
0.957887780848
0.94834386154
0.949214431956
0.958549765345
0.972203775105
0.948517677071
0.963251971839
0.974398290244
0.968023986106
0.972378136768
0.977811880671
0.980842171565
0.978647753517
0.979100678781
0.982897277473
0.979867022987
0.968163310384
0.979309653061
0.976801779661
0.982409800274
0.983245685256
0.980946749727
0.985022094063
0.984464833363
0.987042368901
0.977951180676
0.986937742194
0.985684042152
0.984952553287
0.984290726562
0.988540201972
0.985823317884
0.978264551074
0.978404118076
0.986937851421
0.986763817437
0.987773821357
0.988818814117
0.990142516114
0.986310904309
0.988714405863
0.987077078608
0.990804282158
0.988749091297
0.981364698286
