avg triplet loss (train set)	
 2.0090e-01	
 2.0053e-01	
 2.0053e-01	
 2.0112e-01	
 1.9998e-01	
 1.9994e-01	
 2.0127e-01	
 2.0010e-01	
 2.0364e-01	
 2.0076e-01	
 2.0181e-01	
 2.0174e-01	
 2.0325e-01	
 2.0149e-01	
 2.0023e-01	
 2.0647e-01	
 2.0452e-01	
 2.0476e-01	
 2.0474e-01	
 2.0801e-01	
 2.0650e-01	
 2.0810e-01	
 2.0863e-01	
 2.0666e-01	
 2.0289e-01	
 2.0478e-01	
 2.1257e-01	
 2.0670e-01	
 2.0897e-01	
 2.0488e-01	
 2.1017e-01	
 2.1011e-01	
 2.0329e-01	
 2.1256e-01	
 2.0744e-01	
 2.0181e-01	
 2.0644e-01	
 2.0875e-01	
 2.0990e-01	
 2.0462e-01	
 2.0454e-01	
 2.0690e-01	
 2.0851e-01	
 2.0497e-01	
 2.0950e-01	
 2.0334e-01	
 2.0516e-01	
 2.0897e-01	
 2.0328e-01	
 2.0249e-01	
