avg triplet loss (train set)	
 2.0143e-01	
 2.0117e-01	
 2.0118e-01	
 2.0137e-01	
 2.0192e-01	
 2.0264e-01	
 2.0286e-01	
 2.0205e-01	
 2.0400e-01	
 2.0371e-01	
 2.0436e-01	
 2.0405e-01	
 2.0648e-01	
 2.0567e-01	
 2.0511e-01	
 2.0504e-01	
 2.0421e-01	
 2.0340e-01	
 2.0587e-01	
 2.0802e-01	
 2.0410e-01	
 2.1127e-01	
 2.0455e-01	
 2.0305e-01	
 2.0617e-01	
 2.0574e-01	
 2.0852e-01	
 2.0998e-01	
 2.0543e-01	
 2.0323e-01	
 2.0542e-01	
 2.0831e-01	
 2.0264e-01	
 2.0618e-01	
 2.0830e-01	
 2.1053e-01	
 1.9704e-01	
 2.1092e-01	
 2.0599e-01	
 2.0552e-01	
 2.1180e-01	
 2.0424e-01	
 2.0411e-01	
 2.0753e-01	
 2.0720e-01	
 2.0399e-01	
 2.0175e-01	
 2.0843e-01	
 2.0877e-01	
 2.0794e-01	
