avg triplet loss (train set)	
 2.7568e-01	
 2.0323e-01	
 2.0132e-01	
 2.0112e-01	
 2.0121e-01	
 2.0069e-01	
 2.0091e-01	
 2.0089e-01	
 2.0118e-01	
 2.0091e-01	
 2.0074e-01	
 2.0066e-01	
 2.0090e-01	
 2.0090e-01	
 2.0054e-01	
 2.0061e-01	
 2.0034e-01	
 2.0047e-01	
 2.0073e-01	
 2.0124e-01	
 2.0093e-01	
 2.0096e-01	
 2.0116e-01	
 2.0083e-01	
 2.0147e-01	
 2.0112e-01	
 2.0154e-01	
 2.0091e-01	
 2.0215e-01	
 2.0109e-01	
 2.0135e-01	
 2.0154e-01	
 2.0175e-01	
 2.0198e-01	
 2.0192e-01	
 2.0193e-01	
 2.0174e-01	
 2.0109e-01	
 2.0153e-01	
 2.0327e-01	
 2.0147e-01	
 2.0286e-01	
 2.0437e-01	
 2.0154e-01	
 2.0348e-01	
 2.0231e-01	
 2.0311e-01	
 2.0326e-01	
 2.0142e-01	
 2.0103e-01	
