avg triplet loss (train set)	
 4.1476e+00	
 4.0024e+00	
 3.9383e+00	
 3.9112e+00	
 3.9005e+00	
 3.8904e+00	
 3.8853e+00	
 3.8827e+00	
 3.8792e+00	
 3.8778e+00	
 3.8772e+00	
 3.8753e+00	
 3.8745e+00	
 3.8733e+00	
 3.8722e+00	
 3.8721e+00	
 3.8714e+00	
 3.8706e+00	
 3.8706e+00	
 3.8703e+00	
 3.8711e+00	
 3.8699e+00	
 3.8698e+00	
 3.8694e+00	
 3.8693e+00	
 3.8693e+00	
 3.8688e+00	
 3.8690e+00	
 3.8694e+00	
 3.8678e+00	
 3.8696e+00	
 3.8684e+00	
 3.8695e+00	
 3.8680e+00	
 3.8686e+00	
 3.8684e+00	
 3.8686e+00	
 3.8692e+00	
 3.8680e+00	
 3.8682e+00	
 3.8680e+00	
 3.8674e+00	
 3.8682e+00	
 3.8683e+00	
 3.8673e+00	
 3.8680e+00	
 3.8677e+00	
 3.8677e+00	
 3.8679e+00	
 3.8677e+00	
