avg triplet loss (train set)	
 4.3509e+00	
 4.2376e+00	
 4.1781e+00	
 4.1400e+00	
 4.1052e+00	
 4.0803e+00	
 4.0565e+00	
 4.0357e+00	
 4.0237e+00	
 4.0027e+00	
 3.9932e+00	
 3.9813e+00	
 3.9695e+00	
 3.9658e+00	
 3.9594e+00	
 3.9516e+00	
 3.9451e+00	
 3.9425e+00	
 3.9374e+00	
 3.9332e+00	
 3.9298e+00	
 3.9269e+00	
 3.9260e+00	
 3.9222e+00	
 3.9191e+00	
 3.9146e+00	
 3.9170e+00	
 3.9149e+00	
 3.9114e+00	
 3.9102e+00	
 3.9087e+00	
 3.9063e+00	
 3.9074e+00	
 3.9030e+00	
 3.9034e+00	
 3.9020e+00	
 3.9013e+00	
 3.8993e+00	
 3.8987e+00	
 3.8993e+00	
 3.8976e+00	
 3.8945e+00	
 3.8944e+00	
 3.8950e+00	
 3.8950e+00	
 3.8943e+00	
 3.8931e+00	
 3.8908e+00	
 3.8913e+00	
 3.8922e+00	
