0.674529158333
0.848218441593
0.909117437808
0.931581748932
0.9588750618
0.967044442492
0.965187346146
0.973913829903
0.968900677516
0.968157701166
0.974655858798
0.981247814395
0.981433687681
0.970387405405
0.979298728861
0.975584708434
0.981618613513
0.980690711331
0.976698483901
0.983104738477
0.9860748351
0.983011715702
0.976142500556
0.98421834168
0.980783217313
0.981340061981
0.984960715104
0.981711205627
0.983382600951
0.985054082408
0.988209880052
0.986539862843
0.989974384284
0.981154447092
0.989881189245
0.990159740777
0.982733594831
0.987281719474
0.990902028069
0.9867253916
0.988860005891
0.987281633342
0.989417022823
0.9857963697
0.990995481505
0.989602637712
0.986910403564
0.982361331466
0.988117115674
0.988674477134
0.989138901952
0.990531142819
0.989509787202
0.990159654644
0.986817380789
0.989602379316
0.989138385159
0.990438120044
0.989138557423
0.986817380789
0.990809349822
0.989788424866
0.987282494664
0.989324516841
0.98960255158
0.989323827784
0.991923297554
0.98997421202
0.992294785729
0.991830791572
0.993223118571
0.988488431584
0.989788338734
0.992573251129
0.991552326172
0.98412592183
0.99118092413
0.989974556548
0.991181010262
0.992016492593
0.990902717126
0.991181010262
0.991088418148
0.993223204704
0.992759124415
0.992480659015
0.992759124415
0.989603068373
0.991552067776
0.990716929973
0.992666015507
0.991181096394
0.991645004419
0.992759210547
0.992573337261
0.992016406461
0.990252763552
0.992480745147
0.992109429236
0.991923642083
