avg triplet loss (train set)	
 2.0356e-01	
 2.0108e-01	
 2.0582e-01	
 1.9725e-01	
 2.0368e-01	
 2.0304e-01	
 1.9673e-01	
 2.0089e-01	
 2.0513e-01	
 1.9815e-01	
 2.0220e-01	
 2.0083e-01	
 2.0410e-01	
 1.9751e-01	
 2.0404e-01	
 2.0155e-01	
 2.0168e-01	
 2.0069e-01	
 1.9967e-01	
 2.0227e-01	
 2.0104e-01	
 2.0116e-01	
 2.0088e-01	
 2.0089e-01	
 2.0021e-01	
 2.0516e-01	
 1.9980e-01	
 2.0332e-01	
 1.9955e-01	
 1.9920e-01	
 2.0166e-01	
 1.9981e-01	
 2.0345e-01	
 2.0354e-01	
 2.0197e-01	
 1.9902e-01	
 2.0018e-01	
 2.0372e-01	
 2.0095e-01	
 1.9935e-01	
 2.0294e-01	
 2.0386e-01	
 1.9622e-01	
 1.9928e-01	
 2.0178e-01	
 1.9877e-01	
 2.0315e-01	
 1.9986e-01	
 2.0342e-01	
