0.255974317541
0.2642005314
0.271553530402
0.256070935717
0.262748918195
0.261683684074
0.272525423126
0.279877954016
0.280942720026
0.273295559871
0.263715848939
0.274555341057
0.277264301269
0.271845631866
0.270102853419
0.274360700369
0.272137826952
0.272521303746
0.275233259871
0.272522427213
0.274748296543
0.26816852382
0.284524333363
0.275134675627
0.267392582495
0.276394550435
0.285201784066
0.289170525464
0.28104046167
0.283166342422
0.28200804777
0.287330192618
0.289074375399
0.281524395153
0.278911023273
