0.257150006115
0.277852827634
0.275160248957
0.274882128085
0.277572811855
0.267823938894
0.282029980896
0.28258630877
0.287784989914
0.284164164526
0.288340628731
0.287320995757
0.295489687392
0.285927893568
0.285652012134
0.285372771545
0.287318842452
0.293354986968
0.283887163374
0.286577071953
0.293077985816
0.305053289992
0.2827739047
0.301154085336
0.308021491706
0.304308935527
0.311550586302
0.302731510431
0.321948465383
0.308023472747
0.30254580941
0.309787976979
0.310342926738
0.322412804068
0.336988008675
0.32733215849
0.324267660977
0.321854581286
0.319718847276
0.310805456647
0.324270244943
0.315543330525
0.33364694067
0.321670516776
0.327240083169
0.321856217797
0.335964758149
0.334573120208
0.327797186233
