avg triplet loss (train set)	
 1.5997e-01	
 1.5155e-01	
 1.4979e-01	
 1.4822e-01	
 1.4791e-01	
 1.4714e-01	
 1.4764e-01	
 1.4724e-01	
 1.4731e-01	
 1.4701e-01	
 1.4638e-01	
 1.4580e-01	
 1.4567e-01	
 1.4559e-01	
 1.4521e-01	
 1.4500e-01	
 1.4489e-01	
 1.4476e-01	
 1.4455e-01	
 1.4440e-01	
 1.4413e-01	
 1.4404e-01	
 1.4393e-01	
 1.4382e-01	
 1.4349e-01	
 1.4368e-01	
 1.4345e-01	
 1.4327e-01	
 1.4319e-01	
 1.4300e-01	
 1.4309e-01	
 1.4346e-01	
 1.4301e-01	
 1.4294e-01	
 1.4218e-01	
 1.4215e-01	
 1.4196e-01	
 1.4205e-01	
 1.4185e-01	
 1.4166e-01	
 1.4210e-01	
 1.4189e-01	
 1.4166e-01	
 1.4133e-01	
 1.4114e-01	
 1.4094e-01	
 1.4105e-01	
 1.4098e-01	
 1.4088e-01	
 1.4144e-01	
