avg triplet loss (train set)	
 4.2097e+00	
 4.0894e+00	
 4.0308e+00	
 3.9927e+00	
 3.9653e+00	
 3.9467e+00	
 3.9324e+00	
 3.9230e+00	
 3.9140e+00	
 3.9082e+00	
 3.9031e+00	
 3.8999e+00	
 3.8964e+00	
 3.8931e+00	
 3.8909e+00	
 3.8878e+00	
 3.8866e+00	
 3.8856e+00	
 3.8838e+00	
 3.8824e+00	
 3.8819e+00	
 3.8806e+00	
 3.8794e+00	
 3.8794e+00	
 3.8777e+00	
 3.8776e+00	
 3.8767e+00	
 3.8763e+00	
 3.8755e+00	
 3.8752e+00	
 3.8748e+00	
 3.8745e+00	
 3.8740e+00	
 3.8736e+00	
 3.8731e+00	
 3.8732e+00	
 3.8723e+00	
 3.8721e+00	
 3.8716e+00	
 3.8712e+00	
 3.8709e+00	
 3.8705e+00	
 3.8709e+00	
 3.8704e+00	
 3.8706e+00	
 3.8703e+00	
 3.8700e+00	
 3.8699e+00	
 3.8700e+00	
 3.8691e+00	
 3.8688e+00	
 3.8687e+00	
 3.8688e+00	
 3.8686e+00	
 3.8688e+00	
 3.8679e+00	
 3.8681e+00	
 3.8676e+00	
 3.8677e+00	
 3.8674e+00	
 3.8680e+00	
