avg triplet loss (train set)	
 1.1609e-01	
 1.0769e-01	
 1.0516e-01	
 1.0385e-01	
 1.0246e-01	
 1.0189e-01	
 1.0141e-01	
 1.0109e-01	
 1.0082e-01	
 1.0032e-01	
 1.0019e-01	
 9.9985e-02	
 1.0002e-01	
 9.9822e-02	
 9.9667e-02	
 9.9531e-02	
 9.9285e-02	
 9.9442e-02	
 9.9219e-02	
 9.9128e-02	
 9.8923e-02	
 9.8943e-02	
 9.8700e-02	
 9.8547e-02	
 9.8472e-02	
 9.8364e-02	
 9.8310e-02	
 9.8206e-02	
 9.8214e-02	
 9.8195e-02	
 9.8068e-02	
 9.7790e-02	
 9.7995e-02	
 9.7673e-02	
 9.7733e-02	
 9.7637e-02	
 9.7774e-02	
 9.7522e-02	
 9.7297e-02	
 9.7402e-02	
 9.7209e-02	
 9.7003e-02	
 9.7104e-02	
 9.7223e-02	
 9.6607e-02	
 9.6789e-02	
 9.6682e-02	
 9.6441e-02	
 9.6142e-02	
 9.6107e-02	
 9.6135e-02	
 9.5819e-02	
 9.5814e-02	
 9.5503e-02	
 9.5148e-02	
 9.4860e-02	
 9.4688e-02	
 9.4372e-02	
 9.4185e-02	
 9.3942e-02	
 9.3485e-02	
 9.3075e-02	
 9.2360e-02	
 9.2554e-02	
 9.2220e-02	
 9.1675e-02	
 9.1768e-02	
 9.0630e-02	
 9.0498e-02	
 8.9714e-02	
 8.9553e-02	
 8.9728e-02	
 8.9274e-02	
 8.7800e-02	
 8.8698e-02	
 8.7948e-02	
 8.6610e-02	
 8.6010e-02	
 8.7046e-02	
 8.5589e-02	
 8.5117e-02	
 8.4669e-02	
 8.4245e-02	
 8.3754e-02	
 8.2635e-02	
 8.4109e-02	
 8.3757e-02	
 7.9955e-02	
 8.0161e-02	
 8.0173e-02	
 7.9515e-02	
 7.7941e-02	
 7.7878e-02	
 7.8821e-02	
