0.824737529983
0.921901337113
0.95190212354
0.967483770581
0.981516062772
0.975322388267
0.982193513475
0.985484242437
0.983161099575
0.985096739886
0.991870778806
0.991676887097
0.993031507637
0.991773879763
0.987031256729
0.993999842715
0.991386189967
0.992645128553
0.993225399346
0.995838209493
0.99419317269
0.994096086402
0.994192985445
0.995257845078
0.995160477923
0.996515753818
0.994386877154
0.996128813001
0.994870248904
0.995160665167
0.995547980474
0.994967428814
0.996612371995
0.996999500057
0.996805795593
0.996806170082
0.996128625756
0.996321768487
0.995161039657
0.996031633091
0.995064046991
0.996709083794
0.997386628119
0.987611995633
0.996225431177
0.997096305478
0.996999593679
0.996612278373
0.995644879518
0.996321955732
