avg triplet loss (train set)	
 4.1594e+00	
 3.9758e+00	
 3.9114e+00	
 3.8928e+00	
 3.8841e+00	
 3.8785e+00	
 3.8759e+00	
 3.8741e+00	
 3.8729e+00	
 3.8706e+00	
 3.8698e+00	
 3.8694e+00	
 3.8687e+00	
 3.8680e+00	
 3.8672e+00	
 3.8670e+00	
 3.8668e+00	
 3.8663e+00	
 3.8662e+00	
 3.8665e+00	
 3.8656e+00	
 3.8653e+00	
 3.8652e+00	
 3.8652e+00	
 3.8648e+00	
 3.8647e+00	
 3.8651e+00	
 3.8650e+00	
 3.8647e+00	
 3.8645e+00	
 3.8653e+00	
 3.8645e+00	
 3.8643e+00	
 3.8644e+00	
 3.8644e+00	
 3.8646e+00	
 3.8646e+00	
 3.8644e+00	
 3.8641e+00	
 3.8649e+00	
 3.8642e+00	
 3.8640e+00	
 3.8640e+00	
 3.8640e+00	
 3.8642e+00	
 3.8639e+00	
 3.8640e+00	
 3.8639e+00	
 3.8639e+00	
 3.8639e+00	
