avg triplet loss (train set)	
 1.6180e-01	
 1.5624e-01	
 1.5328e-01	
 1.5164e-01	
 1.5097e-01	
 1.5036e-01	
 1.5117e-01	
 1.5050e-01	
 1.4883e-01	
 1.4832e-01	
 1.4821e-01	
 1.4795e-01	
 1.4729e-01	
 1.4692e-01	
 1.4688e-01	
 1.4711e-01	
 1.4670e-01	
 1.4671e-01	
 1.4647e-01	
 1.4647e-01	
 1.4625e-01	
 1.4647e-01	
 1.4621e-01	
 1.4617e-01	
 1.4621e-01	
 1.4609e-01	
 1.4612e-01	
 1.4613e-01	
 1.4604e-01	
 1.4603e-01	
 1.4577e-01	
 1.4585e-01	
 1.4584e-01	
 1.4593e-01	
 1.4571e-01	
 1.4579e-01	
 1.4561e-01	
 1.4555e-01	
 1.4553e-01	
