0.741737768797
0.874304525558
0.897699495093
0.960546457124
0.96750886731
0.96583764425
0.972706945528
0.956832522829
0.96769413767
0.974378513117
0.974099100263
0.983846853505
0.984868381386
0.984868639783
0.976234059083
0.979855487396
0.987838650274
0.983290267234
0.953026254817
0.984868467519
0.975491685659
0.983290611763
0.977906487994
0.984218600076
0.987375000646
0.986074748968
0.98913881582
0.983754089126
0.990438206176
0.988674477134
0.991181010262
0.987096190717
0.988953028667
0.990066890266
0.98923123567
0.984032554526
0.986260449989
0.991552067776
0.980783820239
0.988952684138
0.984960887368
0.988674391002
0.987281719474
0.984681991308
0.990066459605
0.985796025171
0.991088073619
0.989881103112
0.991366797415
0.989881189244
