avg triplet loss (train set)	
 2.0066e-01	
 2.0309e-01	
 1.9873e-01	
 2.0190e-01	
 1.9964e-01	
 2.0051e-01	
 2.0551e-01	
 1.9590e-01	
 2.0711e-01	
 1.9646e-01	
 2.0329e-01	
 2.0555e-01	
 1.9902e-01	
 2.0203e-01	
 1.9822e-01	
 2.0019e-01	
 2.0309e-01	
 1.9338e-01	
 2.0225e-01	
 2.0249e-01	
 2.0346e-01	
 2.0191e-01	
 1.9854e-01	
 1.9863e-01	
 2.0271e-01	
 2.0058e-01	
 1.9908e-01	
 2.0102e-01	
 1.9925e-01	
 2.0683e-01	
 2.0025e-01	
 2.0152e-01	
 2.0006e-01	
 2.0199e-01	
 1.9932e-01	
 2.0114e-01	
 1.9813e-01	
 2.0188e-01	
 2.0137e-01	
 2.0533e-01	
 2.0071e-01	
 2.0069e-01	
 1.9614e-01	
 2.0328e-01	
 2.0056e-01	
 2.0351e-01	
 1.9641e-01	
 2.0236e-01	
 2.0325e-01	
 2.0073e-01	
 1.9874e-01	
