avg triplet loss (train set)	
 4.0897e+00	
 3.9340e+00	
 3.9065e+00	
 3.8932e+00	
 3.8860e+00	
 3.8813e+00	
 3.8779e+00	
 3.8755e+00	
 3.8743e+00	
 3.8727e+00	
 3.8718e+00	
 3.8709e+00	
 3.8700e+00	
 3.8690e+00	
 3.8690e+00	
 3.8679e+00	
 3.8678e+00	
 3.8669e+00	
 3.8671e+00	
 3.8667e+00	
 3.8671e+00	
 3.8662e+00	
 3.8665e+00	
 3.8659e+00	
 3.8661e+00	
 3.8655e+00	
 3.8654e+00	
 3.8656e+00	
 3.8654e+00	
 3.8653e+00	
 3.8654e+00	
 3.8651e+00	
 3.8651e+00	
 3.8650e+00	
 3.8650e+00	
 3.8649e+00	
 3.8647e+00	
 3.8645e+00	
 3.8649e+00	
 3.8647e+00	
 3.8647e+00	
 3.8647e+00	
 3.8646e+00	
 3.8644e+00	
 3.8643e+00	
 3.8647e+00	
 3.8643e+00	
 3.8644e+00	
 3.8642e+00	
 3.8643e+00	
 3.8643e+00	
 3.8642e+00	
 3.8641e+00	
 3.8642e+00	
 3.8640e+00	
 3.8641e+00	
 3.8639e+00	
 3.8641e+00	
 3.8641e+00	
 3.8642e+00	
 3.8639e+00	
 3.8640e+00	
 3.8639e+00	
 3.8641e+00	
 3.8640e+00	
 3.8639e+00	
 3.8641e+00	
 3.8638e+00	
 3.8637e+00	
 3.8639e+00	
 3.8640e+00	
 3.8637e+00	
 3.8637e+00	
 3.8639e+00	
 3.8637e+00	
 3.8638e+00	
 3.8639e+00	
 3.8640e+00	
 3.8638e+00	
 3.8638e+00	
 3.8636e+00	
 3.8638e+00	
 3.8639e+00	
 3.8636e+00	
 3.8638e+00	
 3.8637e+00	
 3.8640e+00	
 3.8637e+00	
 3.8636e+00	
 3.8639e+00	
 3.8637e+00	
 3.8638e+00	
 3.8637e+00	
 3.8637e+00	
 3.8636e+00	
 3.8636e+00	
 3.8638e+00	
 3.8637e+00	
 3.8638e+00	
 3.8636e+00	
 3.8638e+00	
 3.8634e+00	
 3.8635e+00	
 3.8638e+00	
 3.8638e+00	
 3.8637e+00	
 3.8636e+00	
 3.8635e+00	
 3.8636e+00	
 3.8638e+00	
 3.8637e+00	
 3.8635e+00	
 3.8637e+00	
 3.8636e+00	
 3.8638e+00	
 3.8634e+00	
 3.8636e+00	
 3.8633e+00	
 3.8634e+00	
 3.8635e+00	
 3.8635e+00	
 3.8636e+00	
 3.8636e+00	
 3.8636e+00	
 3.8637e+00	
 3.8635e+00	
 3.8634e+00	
 3.8636e+00	
 3.8634e+00	
 3.8635e+00	
 3.8634e+00	
 3.8635e+00	
 3.8635e+00	
 3.8634e+00	
 3.8635e+00	
 3.8637e+00	
 3.8636e+00	
 3.8638e+00	
 3.8636e+00	
 3.8634e+00	
 3.8634e+00	
 3.8634e+00	
 3.8634e+00	
 3.8633e+00	
 3.8635e+00	
 3.8634e+00	
 3.8635e+00	
 3.8632e+00	
 3.8636e+00	
 3.8636e+00	
 3.8638e+00	
 3.8635e+00	
 3.8634e+00	
 3.8635e+00	
 3.8635e+00	
 3.8634e+00	
 3.8637e+00	
 3.8635e+00	
 3.8634e+00	
 3.8636e+00	
 3.8634e+00	
 3.8631e+00	
 3.8633e+00	
 3.8636e+00	
 3.8634e+00	
 3.8634e+00	
 3.8633e+00	
 3.8631e+00	
 3.8634e+00	
 3.8636e+00	
 3.8634e+00	
 3.8634e+00	
 3.8634e+00	
 3.8635e+00	
 3.8634e+00	
 3.8636e+00	
 3.8634e+00	
 3.8636e+00	
 3.8634e+00	
 3.8634e+00	
 3.8634e+00	
 3.8633e+00	
 3.8634e+00	
 3.8633e+00	
 3.8634e+00	
 3.8634e+00	
 3.8633e+00	
 3.8636e+00	
 3.8633e+00	
 3.8636e+00	
 3.8635e+00	
 3.8634e+00	
 3.8635e+00	
 3.8634e+00	
 3.8635e+00	
 3.8634e+00	
 3.8634e+00	
 3.8631e+00	
 3.8634e+00	
 3.8632e+00	
 3.8634e+00	
 3.8634e+00	
 3.8633e+00	
 3.8634e+00	
 3.8631e+00	
 3.8632e+00	
 3.8634e+00	
 3.8633e+00	
 3.8631e+00	
 3.8634e+00	
 3.8634e+00	
 3.8632e+00	
 3.8635e+00	
 3.8632e+00	
 3.8632e+00	
 3.8633e+00	
 3.8632e+00	
 3.8632e+00	
 3.8632e+00	
 3.8631e+00	
 3.8633e+00	
 3.8634e+00	
 3.8633e+00	
 3.8631e+00	
 3.8635e+00	
 3.8632e+00	
 3.8634e+00	
 3.8633e+00	
 3.8634e+00	
 3.8633e+00	
 3.8633e+00	
 3.8632e+00	
 3.8633e+00	
 3.8633e+00	
 3.8633e+00	
 3.8631e+00	
 3.8633e+00	
 3.8634e+00	
 3.8633e+00	
 3.8633e+00	
 3.8634e+00	
 3.8635e+00	
 3.8631e+00	
 3.8633e+00	
 3.8633e+00	
 3.8633e+00	
 3.8634e+00	
 3.8633e+00	
 3.8633e+00	
 3.8633e+00	
