0.837510228232
0.358149484154
0.910578005134
0.354624868433
0.943190759108
0.339214095362
0.955287972722
0.365018440904
0.970966893295
0.943965951455
0.352952956315
0.372260005547
0.963612209092
0.957320699321
0.35954560097
0.337636670267
0.98567747879
0.974934417604
0.341627347318
0.346451870188
0.984032067498
0.989161069616
0.324174724334
0.365483899308
0.98490425251
0.985677104301
0.367339100745
0.308763003809
0.981999060032
0.984998155641
0.327143012181
0.344784436945
0.976580203385
0.991870404317
0.336798690102
0.319439348289
0.993225118479
0.99361262103
0.339213406305
0.337724611242
0.988386251758
0.990321985691
0.335869582069
0.343111577373
0.992742214841
0.993031882126
0.346082449186
0.346545065228
0.991870497939
0.993128781169
0.339676711404
0.365022489117
0.995451830409
0.989257406925
0.337261909069
0.353137709883
0.987902037408
0.994677199796
0.335496285118
0.351932117491
0.989644441365
0.993709520074
0.345710788747
0.355828910445
0.983741838479
0.991096241815
0.338375512271
0.294374447677
0.995741591316
0.992934702216
0.335594303561
0.329744549124
0.996128906623
0.995161414146
0.31071510397
0.341256462068
0.99409599278
0.994484244309
0.354624437772
0.306812109498
0.984902848177
0.994580300752
0.323242860071
0.349890870504
0.994580300752
0.991483931611
0.34747770468
0.328815010431
0.996225337555
0.997483995274
0.328815096563
0.351744349297
0.995354369632
0.996419135642
0.328998558147
0.353971900231
0.99196767785
0.996515941063
0.375140266286
0.355456905477
0.996806263704
0.993805857383
0.349328254979
0.331693203997
0.996902881881
0.996128813001
0.344968501455
0.297439634248
0.993129155658
0.993323047367
0.340975154306
0.35861227246
0.995838396737
0.996419322886
0.350541168607
0.3517440909
0.996418948397
0.99574215305
0.355828565916
0.367899993626
0.996903162747
0.995742059428
0.326957827953
0.316006894021
0.997193485388
0.989450549656
0.362513802685
0.335592494785
0.995064889591
0.992935544816
0.351188279819
0.342371615651
0.997096492723
0.996322611087
0.353139863188
0.363815863139
0.997290103565
0.997000061791
0.347102771217
0.341348795786
0.996032101202
0.99690325637
0.357130970899
0.346827406577
0.997387283475
0.99554779323
0.352301452361
0.349703877499
0.99109642906
0.996128344889
0.346639982911
0.351375617353
0.997193298144
0.99651622193
0.346176419416
0.341813048339
0.996709458283
0.997193579011
0.355086623153
0.355271462852
0.996612933729
0.997096586345
0.364928260491
0.305884810242
0.991774441496
0.997193391766
0.33160285132
0.3682690701
0.99603200758
0.996902975503
0.322130118191
0.352857780235
0.996032101202
0.995258125944
0.298460042411
0.314798889928
0.996999780924
0.996322142976
0.32965195701
0.346638690928
0.996807012682
0.996322611087
0.368368122129
0.316279674696
0.996902881881
0.996612933729
0.347383648319
0.354623662582
0.996903069125
0.997386908986
0.321015395269
0.358334409986
0.997193110899
0.996129000245
0.374953531679
0.365391651723
0.99458020713
0.99641904202
0.364093381085
0.367899907494
0.99583849036
0.997096492723
0.374118393876
0.353600498189
0.997386628119
0.995548167719
0.362793129407
0.349238849756
0.996516034685
0.997193672633
0.365762967633
0.371705658713
0.997290103565
0.996612559239
0.37402769667
0.352953214712
0.996032101202
0.997096492723
0.360192712182
0.360749642982
0.99767695076
0.997580238961
0.368640730539
0.367344871603
0.997193391766
0.996806357326
0.35861382284
0.360099775539
0.997193485388
0.996612652862
0.372818917387
0.387022375423
0.995645254007
0.996322330221
0.348217580271
0.3470104375
0.997483620785
0.997484088896
0.359169547789
0.361032242727
0.997484369763
0.996515472952
0.348960298224
0.380058587122
0.997386815364
0.996806357326
0.364371415824
0.354064750742
0.996806825438
0.997096867212
0.343667819115
0.367434535222
0.996806170082
0.997484088896
0.364927140773
0.37727496671
0.997096960834
0.997193485388
0.345805534166
0.35100344012
0.996902975503
0.99728991632
0.365020766473
0.327052917901
0.9970963991
0.996516034685
0.349888975595
0.362143606493
0.996999968168
0.996516409174
0.346080123617
0.343300723683
0.996322423843
0.996999968168
0.368174669209
0.337355707033
0.996612652862
0.997290009943
0.351466056162
0.363162119748
0.997386721742
0.997483620785
0.364371329692
0.377740511246
0.99603200758
0.997483808029
0.32407980665
0.368545382194
0.996225712044
0.996128719378
0.350540307285
0.338095754888
0.996612840106
0.994967147948
0.318881125507
0.356569561225
0.997290197187
0.997386721742
0.349981739974
0.341627261186
0.996612652862
0.99700043628
0.34849328944
0.371057169386
0.997387096231
0.996612746484
0.336986113767
0.341255686878
0.996902788258
0.997483620785
0.336797570383
0.326219158213
0.997096960834
0.997000061791
0.335592925446
0.350536603601
0.997386908986
0.997289729076
0.337447265561
0.362146793384
0.997386721742
0.997386908986
0.364744626643
0.352209204776
0.997386908986
0.995935763892
0.358429844462
0.364650570281
0.996902881881
0.997290009943
0.356201346074
0.350907919511
0.997483620785
0.997483901652
0.360101067522
0.365853837103
0.997193579011
0.996806263704
0.366321879473
0.355923311335
0.996902881881
0.997483995274
0.358430619652
0.364649364431
0.997193110899
0.996419322886
0.361585039182
0.314056688768
0.997290197187
0.997193672633
0.350535483882
0.318974837339
0.997386908986
0.997193672633
0.365484932894
0.334944608383
0.996612559239
0.997483901652
0.366599569684
0.363440929677
0.997483714407
0.995935108536
0.362421124439
0.327978322248
0.997483246296
0.997290665299
0.349148410947
0.33373505391
0.997386908986
0.997290197187
0.369383793021
0.351278718628
0.99709677359
0.997000249035
0.360658945776
0.997096679967
0.321018323764
0.997484088896
0.341812876075
0.996903162747
0.326770576552
0.996418948397
0.347749710165
0.997193672633
0.365018613168
0.348406382051
0.996323079199
0.997290571676
0.347382270204
0.35675853527
0.997483901652
0.997290197187
0.369477246457
0.372635111274
0.997580332584
0.371425556802
0.997290009943
0.36093482721
0.997193579011
0.358984191296
0.997386721742
0.997386721742
0.360658084454
0.369751577511
0.997290009943
0.996999968168
0.356943202705
0.357871966209
0.997580519828
0.996322423843
0.362330771762
0.362792698746
0.997677512494
0.997483995274
0.371240717102
0.353231680112
0.997386908986
0.996612840106
0.361768414634
0.361863418449
0.997290384432
0.995934734047
0.361119322381
0.360195037752
0.996999687302
0.997387189853
0.364555566466
0.362236973797
0.995644879518
0.997677325249
0.331134895082
0.362140333469
0.997386908986
0.996612559239
0.344598219131
0.359914763576
0.997386908986
0.997386908986
0.35954206955
0.348404314879
0.997096679967
0.997483808029
0.349704566557
0.350350988712
0.997193204522
0.997483527163
0.359450252626
0.368177253175
0.996999500057
0.370962510099
0.997290009943
0.369289736659
0.997290665299
0.363535330567
0.996902975503
0.997290290809
0.349053407131
0.32343355676
0.997096586345
0.996516315552
0.35517973206
0.347475551375
0.997387189853
0.996322330221
0.352208687983
0.355552684482
0.997677325249
0.9970963991
0.352582329463
0.367061927329
0.997483714407
0.997290103565
0.334385179749
0.373190836223
0.997483808029
0.997290290809
0.365857540788
0.372263881496
0.997483901652
0.360008389276
0.997097241701
0.362794162993
0.997677138005
