0.396303137657
0.480983164844
0.508082035573
0.575440165075
0.638341874805
0.69360269707
0.618697115124
0.690698908926
0.766668601527
0.720505710022
0.796380376024
0.793670479589
0.798701740063
0.846704589925
0.795316171748
0.877674460408
0.886674930392
0.878738009329
0.895673621553
0.901867576925
0.850672956835
0.921223418299
0.930319382992
0.923448445028
0.911350576058
0.923838662625
0.945902527988
0.930608582166
0.95383813834
0.916962575436
0.930512525723
0.935739175862
0.951321665503
0.941353328552
0.962062479754
0.95238549529
0.946190978184
0.947158938773
0.962837765723
0.958482457996
0.936998769803
0.959352864186
0.953064256705
0.93816015399
0.971936632707
0.960321386508
0.968353989526
0.932158217881
0.968546945012
0.971644156754
0.862285300743
0.978514907473
0.957126620367
0.972032314661
0.975224646623
0.954320948356
0.974257154145
0.961481928094
0.955195380303
0.931771557931
0.945225358152
0.968933979452
0.978224959321
0.968451824792
0.984612338291
0.980934949378
0.977644407661
0.980450360539
0.920157341577
0.969322043737
0.984418821071
0.960611521905
0.973192669002
0.975321732911
0.977354272265
0.97348411511
0.971451107645
0.981129402821
0.984129621897
0.985386500793
0.977741306705
0.980354304096
0.969032282829
0.961578639893
0.960224674709
0.975515718242
0.975516092731
0.976580297007
0.97745042233
0.983548134015
0.970772907964
0.983451422216
0.979580422461
0.974354053189
0.962354393974
0.985774096966
0.977354646754
0.973289568046
0.975708954595
0.982290412518
0.962741615658
0.98025852852
0.962353551373
0.97841800843
0.985580579747
0.971257028691
0.967675508977
0.95780444556
0.97551440753
0.982385719983
0.984321828405
0.976386686165
0.986645345756
0.975515530997
0.978902035535
0.977547789485
0.978419131897
0.987515658324
0.985676729812
0.971644718487
0.979676198037
0.985870340654
0.972901784628
0.986451828536
0.974838080294
0.979289912576
0.951223362125
0.979386998863
0.980450828651
0.987224961194
0.966128588307
0.984128217563
0.990516064644
0.965257526762
0.988387281603
0.98538762426
0.980257592298
0.985291006084
0.986548072224
0.990999904505
0.988870372486
0.981998591921
0.989354025102
0.982095959076
0.991096335437
0.986063857874
0.98886971713
0.989548384922
0.980063794211
0.936806188806
0.987999779051
0.984419101938
0.987032380196
0.986063764252
0.989644441365
0.984321453916
0.991193140858
0.980548008561
0.989354212347
0.986740653221
0.987127874906
0.992257345135
0.98974180852
0.979482493573
0.987708801055
0.989257687792
0.989451017768
0.989354680458
0.987515845568
0.986547229624
0.982096520809
0.983644003213
0.969902689019
0.986451266803
0.983161848553
0.983450860482
0.98722524206
0.984903316288
0.989838520319
0.984709330957
0.989257687792
0.989161069616
0.985966958831
0.979387186108
0.983161286819
0.989644909477
0.988193109027
0.985482650858
0.98741875928
0.991290133524
0.992257626002
0.986160756917
0.987903067253
0.988580517956
0.990903099084
0.986354274137
0.990225742003
0.992257532379
0.994580019885
0.989064170572
0.985579737146
0.987322702837
0.988870091619
0.991774254252
0.985677572412
0.979385875396
0.992451049599
0.986258217694
0.989160788749
0.990709113753
0.992644754064
0.987709175544
0.962063790466
0.992451798577
0.992644754064
0.990419352845
0.983257998618
0.98867704251
0.984999466353
0.992161101447
0.983741838479
0.986548633958
0.97986980888
0.988289727203
0.987225616549
0.987613212723
0.991870872428
0.990418791112
0.992547948643
0.98819367076
0.991289665413
0.992064202404
0.990613150932
0.990128562093
0.986258404939
0.989257032436
0.993225399346
0.990612027465
0.985096178152
0.970676945143
0.993902943671
0.989257126059
0.989935419362
0.991000278994
0.994096648136
0.993516002854
0.993128874791
0.992935357572
0.995064515102
0.991096148193
0.987031069485
0.986934732175
0.990031569427
0.992160914203
0.995548167719
0.993419291055
0.991870497939
0.985966958831
0.989838801186
0.986451641292
0.992548042265
0.993709520074
0.992354712289
0.993612527408
0.992644941308
0.994386970777
0.988870185241
0.993322672878
0.99264503493
0.990709769109
0.993516002854
0.987903348119
0.989063889705
0.990805544685
0.993032256615
0.992644379575
0.993903692649
0.993709707318
0.994387251644
0.990999155527
0.992451798577
0.986838675732
0.994967803303
0.993709520074
0.990709675487
0.991677448831
0.991870310695
0.987612931856
0.993999936337
0.994967990548
0.991773505274
0.993806044628
0.993031882126
0.988579956222
0.995257845078
0.995064140613
0.989354399591
0.993612246541
0.993419010188
0.98906407695
0.988000059918
0.990032131161
0.995064140613
0.993902569182
0.994580487997
0.992548135887
0.990225086647
0.994387719755
0.994774286083
0.992547480531
0.995935483025
0.993806606361
0.99467738704
0.992258655846
0.995355024988
0.992645315797
0.996128813001
0.993032256615
0.995161039657
0.98780579372
0.992548510376
0.986161037784
0.995065170458
0.990806106419
0.991483931611
0.992064389648
0.992161007825
0.993709426451
0.990709300997
0.993516377343
0.9942903526
0.989644347743
0.994967896926
0.993805951006
0.992064202404
0.994967522437
0.990612963688
0.99351628372
0.992935170327
0.994580581619
0.994386877154
0.994096554513
0.993999842715
0.994386596288
0.99545145592
0.991967771472
0.993128781169
0.993031882126
0.99196767785
0.992741559485
0.994483776198
0.993902850049
0.994000029959
0.991870966051
0.994483682576
0.994483963442
0.995451643164
0.99487090426
0.993903505405
0.995161320523
0.993709520074
0.995354650499
0.994580394374
0.990516345511
0.995064327858
0.994193734424
0.995451175053
0.994870717015
0.994870810638
0.995451643164
0.994096367269
0.996225992911
0.994967803303
0.994290727089
0.994097303492
0.995064234235
0.996129000245
0.995547980474
0.992935638438
0.994290071733
0.99177416063
0.994967428814
0.99080657453
0.992063921537
0.993903037293
0.993902756427
0.99303206937
0.995354744121
0.994387064399
0.994290258978
0.994097022625
0.993128687547
0.995064702347
0.995258125944
0.996032475691
0.994290446222
0.988967177907
0.994483963442
0.994967335192
0.994774379706
0.995257845078
0.994580581619
0.995257845078
0.99535511861
0.988290663426
0.994774098839
0.981902160989
0.994386970777
0.993903037293
0.994192891823
0.994096460891
0.993903505405
0.993322204767
0.995354837743
0.99351628372
0.994677293418
0.995161226901
0.995064608724
0.991677355208
0.995161320523
0.994967990548
0.99458020713
0.992838364906
0.993032256615
0.993806606361
0.995258125944
0.995548167719
0.994774005217
0.995741872183
0.995838864849
0.994193266312
0.995451736787
0.994870810638
0.995161414146
0.993612901897
0.994290165356
0.994289978111
0.994580675241
0.993031975748
0.995258032322
0.995451643164
0.994967990548
0.995451549542
0.996903162747
0.98780579372
0.994773817972
0.993612995519
0.996225431177
0.994580300752
0.993516096476
0.994483682576
0.995354744121
0.996129281112
0.995451736787
0.995354744121
0.995548354963
0.9933227665
0.994774192461
0.994967990548
0.995645066762
0.994774286083
0.994870810638
0.995064234235
0.995547980474
0.994967522437
0.995741965805
0.993516002854
0.996516034685
0.996032569313
0.992548323132
0.994677761529
0.994193734424
0.994677199796
0.993709426451
0.994290071733
0.991677167964
0.995548354963
0.994967709681
0.995161226901
0.993612433786
0.993419197433
0.995451549542
0.994580581619
0.994580581619
0.994483682576
0.994484337931
0.995064234235
0.994677667907
0.996322423843
0.994483682576
0.995935202159
0.993806325495
0.993709707318
0.99448386982
0.995257657833
0.996032569313
0.996129000245
0.995064515102
0.99583849036
0.994096648136
0.9952579387
0.993903130916
0.994289790867
0.994967896926
0.995645066762
0.99583849036
0.995838864849
0.994386970777
0.992838833017
0.995935576648
0.994677199796
0.995742059428
0.994096554513
0.993903505405
0.994774098839
0.995742059428
0.994967990548
0.996032382069
0.996516315552
0.995549010319
0.995355212232
0.995548448585
0.994967709681
0.995838583982
0.995741778561
0.995548261341
0.996225899289
0.995354556876
0.995645347629
0.995258313189
0.995838864849
0.992839113884
0.994580394374
0.994580675241
0.99612918749
0.995645066762
0.99612918749
0.995935483025
0.995645066762
0.996322423843
0.99632270471
0.994870717015
0.995258032322
0.99554863583
0.99690325637
0.996129000245
0.995451924031
0.994580487997
0.996419229264
0.995935483025
0.994870623393
0.996225805666
0.994967803303
0.99670973915
0.996129374734
0.996322611087
0.996612840106
0.994580581619
0.995742059428
0.996419416509
0.996225712044
0.995548354963
0.996419229264
0.996419135642
0.996032194824
0.995064608724
0.994967428814
0.99632270471
0.996129093868
0.995741965805
0.996129000245
0.994000217204
0.994870717015
0.995548542208
0.996225618422
0.996128906623
0.995645160384
0.995354837743
0.994096741758
0.99670973915
0.996322423843
0.995354650499
0.994967522437
0.996226180155
0.995548261341
0.99564497314
0.994387345266
0.996419229264
0.99651622193
0.995161414146
0.995548261341
0.996419322886
0.996419229264
0.995451549542
0.995645254007
0.996516315552
0.995935295781
0.995258219567
0.99535511861
0.99583849036
0.996709832772
0.994774005217
0.995257845078
0.995161320523
0.994967709681
0.99545145592
0.996032101202
0.996419416509
0.995935295781
0.995548448585
0.996419322886
0.996516315552
0.995645160384
0.995645254007
0.996129093868
0.996709458283
0.995451549542
0.995354463254
0.996419322886
0.994289884489
0.995064140613
0.996128906623
0.996032475691
0.996322330221
0.996322611087
0.99496808417
0.995451549542
0.996709645527
0.99554863583
0.996419416509
0.996225805666
0.996032194824
0.996806638193
0.995935483025
0.996516128307
0.99690325637
0.994580675241
0.996903537236
0.996516128307
0.995161133279
0.996032194824
0.995935202159
0.996806450948
0.995548074096
0.995935295781
0.996419229264
0.996709832772
0.996129281112
0.995548354963
0.996419322886
0.993419571922
0.99593567027
0.991676980719
0.995935202159
0.996999968168
0.996419322886
0.996322517465
0.995064234235
0.99651622193
0.995451362298
0.996032475691
0.996709832772
0.996419510131
0.997000061791
0.993709332829
0.995741872183
0.995161320523
0.996129093868
0.993999561848
0.995838583982
0.99583849036
0.99564497314
0.996032194824
0.996806450948
0.996322517465
0.995451549542
0.996419416509
0.996903162747
0.996709551905
0.994774098839
0.996709551905
0.996903162747
0.996128906623
0.996515941063
0.996612933729
0.996322517465
0.996225712044
0.995257845078
0.995451268675
0.995741778561
0.996516034685
0.99670973915
0.996709645527
0.989451766746
0.99612918749
0.995548729452
0.995742246672
0.996419229264
0.996419510131
0.996322611087
0.995741965805
0.995161226901
0.995742059428
0.996129000245
0.996129000245
0.996225805666
0.995935483025
0.995451175053
0.994871185127
0.996225805666
0.996999780924
0.996612746484
0.995742059428
0.996322517465
0.996612840106
0.996225712044
0.996128906623
0.996129093868
0.996129093868
0.996225805666
0.996225712044
0.996806544571
0.9952579387
0.995451643164
0.996903162747
0.996032288446
0.996322330221
0.995645160384
0.996903349992
0.995741872183
0.996709926394
0.99709677359
0.996806638193
0.99593567027
0.996032101202
0.995741965805
0.996128906623
0.996515941063
0.996516502796
0.996322423843
0.996419416509
0.996999968168
0.996999968168
0.996225618422
0.996032101202
0.99564497314
0.995741778561
0.99651622193
0.996612840106
0.995354931366
0.993032256615
0.99690325637
0.996225805666
0.995645066762
0.996225618422
0.996419229264
0.996903349992
0.996225712044
0.99593567027
0.996612840106
0.996515941063
0.996709645527
0.996806544571
0.997096867212
0.996515941063
0.996806450948
0.996806544571
0.995935763892
0.99651622193
0.996032569313
0.996612933729
0.995451362298
0.996709551905
0.99709677359
0.996419229264
0.995741684939
0.995838677604
0.995451268675
0.9962255248
0.995645066762
0.996322798332
0.99670973915
0.993806325495
0.996806357326
0.996129000245
0.996128813001
0.996225805666
0.996612933729
0.996612840106
0.995741965805
0.996516034685
0.997000061791
0.9952579387
0.99612918749
0.99612918749
0.996419229264
0.996225805666
0.995838958471
0.996903162747
0.995742433917
0.996129281112
0.996516128307
0.997000061791
0.997097054456
0.997096867212
0.996225992911
0.996999968168
0.997193766255
0.996612840106
0.996516128307
0.996322798332
0.996516315552
0.995838864849
0.995548542208
0.996613120973
0.995935483025
0.996322611087
0.996806544571
0.995645066762
0.995741684939
0.995451643164
0.99651622193
0.996613308218
0.99670973915
0.996613027351
0.995935483025
0.996709551905
0.997000061791
0.996709832772
0.996129374734
0.997096960834
0.997193579011
0.996419510131
0.996612746484
0.996322611087
0.996806450948
0.996516034685
0.996612933729
0.996709645527
0.995644879518
0.996806544571
0.996806544571
0.995451268675
0.996903162747
0.995548354963
0.996225712044
0.996709832772
0.99690325637
0.995548354963
0.99670973915
0.996128906623
0.993806044628
0.996419229264
0.996903349992
0.99670973915
0.996903349992
0.996129093868
0.99651622193
0.99564497314
0.995548354963
0.996516034685
0.997000061791
0.995548448585
0.996322611087
0.99632270471
0.996419510131
0.997000155413
0.996903349992
0.996709832772
0.99670973915
0.996613120973
0.996225805666
0.996419229264
0.996322423843
0.99670973915
0.99574215305
0.994000123581
0.99651622193
0.996806450948
0.996612933729
0.996419416509
0.997000061791
0.997193672633
0.997290478054
0.996709926394
0.995548261341
0.996322517465
0.996322611087
0.99709677359
0.996322423843
0.995935483025
0.996419416509
0.995548167719
0.996612746484
0.99651622193
0.995354744121
0.99670973915
0.995741778561
0.996612746484
0.9952579387
0.99670973915
0.997000061791
0.996612933729
0.994773911594
0.996129000245
0.996903349992
0.996612840106
0.995645160384
0.996516034685
0.997193579011
0.996128906623
0.996516128307
0.996419416509
0.995935202159
0.996709926394
0.995741872183
0.996516034685
0.996806357326
0.996128813001
0.996419135642
0.995935295781
0.995547980474
0.996322611087
0.996903349992
0.99670973915
0.996806357326
0.996806544571
0.996032194824
0.996032288446
0.996225712044
0.996515941063
0.996516315552
0.996612746484
0.996129000245
0.996612746484
0.996516128307
0.995644785895
0.99651622193
0.996612840106
0.996032194824
0.996516128307
