0.45717305216
0.458740462416
0.4603432256
0.45752166626
0.462433490255
0.464139617975
0.465811630664
0.466055703011
0.467901591913
0.471001896898
0.461666672735
0.466021005441
0.46967813422
0.463930837875
0.465637414637
0.467344379758
0.459089246423
0.468180580283
0.456302663788
0.464941072384
0.467657750156
0.459019293014
0.461457831954
0.470897124556
0.462607172288
0.46438353255
0.467553463264
0.471802404679
0.473195950858
0.469573531785
0.469921915296
0.467692350636
0.472081283822
0.469399449256
0.464313870411
0.465637487454
0.469294749732
0.466404037977
0.466125195242
0.459611578964
0.454839334108
