0.320643218037
0.39184991292
0.392779537746
0.408469465274
0.439563275297
0.423786784909
0.40001722644
0.424063441533
0.428235599127
0.419418073636
0.446248167537
0.457013658844
0.453861651016
0.455812459195
0.42303993261
0.456553023843
0.441517873293
0.426662136113
0.426940601513
0.453307562579
0.422389806771
0.444579614576
0.437895152997
0.44819914798
0.452098869429
0.422391357151
0.445320179224
0.435851838836
0.442160764027
0.433251421612
0.432508617527
0.445878229742
0.427682372012
0.435851494308
0.457943714331
0.426568165884
0.426476348959
0.431952461917
0.434275188931
0.422296353335
0.420163117159
0.446252646412
0.434645729652
0.445321729603
0.44114647125
0.425270153643
0.446064275292
0.443372557937
0.43798731445
0.446528355581
0.40716309821
0.42861053259
0.431765210516
0.447455827102
0.43891633635
0.431954442957
0.426757484457
0.44689881017
0.421182577868
0.458781608364
0.423230887696
0.460359550252
0.454973876104
0.422668186039
0.43761565401
0.428238958283
0.427031643247
0.430281238857
0.43371782747
0.426566787769
0.430559962653
0.430374520028
0.43668895768
0.436502739865
0.431769172597
0.437618410241
0.431862712165
0.423970160361
0.415428085643
0.427774102804
0.456649319642
0.453954243131
0.44485670186
0.417008697629
0.421461818457
0.429258677388
0.427032246173
0.425827342839
0.418771048556
0.444207092814
0.441793065669
0.44541363266
0.432601554169
0.454420390592
0.418120578188
0.439099970198
0.445782278472
0.445602089912
0.445972199971
0.445321729603
0.441979714144
0.445600884061
0.41199425326
0.451543833537
0.465559092718
0.4582245053
0.419511699337
0.428424917701
0.455069052184
0.447919907391
0.428237235639
0.427774533465
0.423415813527
0.462029395197
0.431489156817
0.439844841456
0.453768800506
0.431765124384
0.443187373709
0.448663142137
0.437893688749
0.442445172549
0.434366144533
0.449867270281
0.455443124325
0.46750809212
0.424341993065
0.43148846776
0.413387183184
0.412180212678
0.418120061395
0.431857716498
0.424247161513
0.420907299359
0.443743529319
0.435667946591
0.425824672741
0.431212500194
0.445135425657
0.428517595947
0.42480710694
0.437992482382
0.429354025733
0.448758059821
0.419510751882
0.427866091993
0.435111188056
0.432136784823
0.409856796606
0.432787082926
0.438080767886
0.427035088535
0.428237321771
0.439658365245
0.449593714417
0.456181449536
0.443001242026
0.428702607911
0.451446676417
0.457203321947
0.432417748056
0.444577547403
0.432415077958
0.454973876104
0.449868906793
0.44457625542
0.440586525823
0.43483168907
0.426290131145
0.444763679085
0.425640263702
0.432139196524
0.449966494575
0.451262870304
0.433811194774
0.426012527067
0.450519377161
0.450054866211
0.441422266552
0.43538905053
0.43334418599
0.443003223067
0.421926846201
0.425082902242
0.376532507153
0.433067012574
0.444671517632
0.422667324717
0.427683061069
0.431765555045
0.436503601187
0.436033750041
0.446995450497
0.446804667676
0.456924339754
0.428054204716
0.436689474473
0.438542091944
0.434366833591
0.428243092628
0.434551759422
