0.752055851298
0.439654317032
0.922288277931
0.436411784263
0.956546911308
0.405030723355
0.95064215511
0.417565197768
0.973675479018
0.419050805939
0.969418287424
0.409024587298
0.98499853013
0.415427999511
0.987128343017
0.438081801472
0.980643690515
0.412365999831
0.978514439362
0.409767132986
0.981708082036
0.427311745159
0.98935477408
0.413572884206
0.980451952118
0.413295969185
0.983355553017
0.41904848037
0.988386907114
0.402896539725
0.991871059673
0.414780285373
0.985870808765
0.379222760261
0.990999810883
0.437154932877
0.993806419117
0.419423413832
0.991192859992
0.412549547548
0.993419384677
0.425272737609
0.993419197433
0.424806848543
0.989257968659
0.388415391479
0.993031507637
0.415153065531
0.993418635699
0.423783942546
0.989354399591
0.413108717784
0.994290071733
0.412085811787
0.995451643164
0.400112747049
0.995935108536
0.397234811879
0.990806106419
0.394819665015
0.994483401709
0.393891332172
0.995258125944
0.392034494223
0.990709300997
0.414595101145
0.990224899403
0.384236343309
0.994676731684
0.390086528407
0.995838771227
0.410694087714
0.994096460891
0.389062330427
0.994870997882
0.398532135062
0.996032288446
0.405128397269
0.995160946034
0.403082240746
0.996225618422
0.388602126087
0.993516564587
0.406422705826
0.993999936337
0.403544339995
0.995451830409
0.41162491839
0.996902788258
0.409581087436
0.996419135642
0.401595598989
0.995160852412
0.398721798165
0.996806076459
0.406610560152
0.995934921292
0.396304239599
0.99322558659
0.394263767801
0.996225712044
0.406979722758
0.995451175053
0.393148700351
0.995741497694
0.393237416516
0.996516034685
0.403455882226
0.995838771227
0.40196967113
0.997387002608
0.405400747283
0.996903069125
0.395377715533
0.995838864849
0.396862634646
0.996225712044
0.393889351132
0.996806263704
0.403453815053
0.996419229264
0.415430583477
0.995741497694
0.409673765683
0.996709645527
0.401225058268
0.997096960834
0.387114881405
0.995548167719
0.378294599683
0.997387002608
0.388878438182
0.997193579011
0.405219180607
0.996225712044
0.362418885001
0.996903162747
0.383312230945
0.997193485388
0.389807287818
0.995354650499
0.376901842023
0.990612027465
0.384888708585
0.997096586345
0.401689827615
0.996419229264
0.394634911447
0.996709177416
0.401968293015
0.997387096231
0.396582274338
0.993225680213
0.396030683735
0.997386815364
0.391200734535
0.99670973915
0.407261547313
0.99603200758
0.392127172469
0.996322236598
0.347100187251
0.996612840106
0.378204333139
0.997193391766
0.392312615094
0.996709364661
0.400574157239
0.997387002608
0.398163316985
0.997193485388
0.371892048792
0.996612746484
0.39147782182
0.996419697375
0.385349774248
0.997580426206
0.396954968364
0.997193391766
0.393334918166
0.997096492723
0.396304756392
0.997096492723
0.408000217053
0.997387189853
0.396024826745
0.997193672633
0.390920460359
0.997290103565
0.392313820945
0.997096492723
0.396025171274
0.997193579011
0.392496679604
0.9962255248
0.337167852707
0.996709926394
0.380338516769
0.997193298144
0.384609295731
0.996225431177
0.391849051598
0.997290103565
0.383958222438
0.996419322886
0.386186979223
0.996612652862
0.3742102108
0.993902662804
0.358986430733
0.996806544571
0.376162310961
0.99700043628
0.3850698446
0.99709677359
0.386557692208
0.997193485388
0.375507964644
0.99651622193
0.360746886752
0.997290384432
0.382379419228
0.996902788258
0.382100609299
0.996902881881
0.404659838106
0.996418948397
0.393706061812
0.996999687302
0.36130924388
0.996999874546
0.385074065078
0.996806450948
0.384423766975
0.997483620785
0.391199270288
0.997097054456
0.373930453417
0.996709364661
0.380245838523
0.997580613451
0.400390954052
0.99651622193
0.407167921613
0.997097054456
0.389527788831
0.99738747072
0.391291517873
0.997580332584
0.399832042212
0.997387002608
0.391384454516
0.997097054456
0.385073548285
0.997193391766
0.381915338939
0.996806731815
0.379964358496
0.997096492723
0.401876562223
0.997580613451
0.393614589416
0.997193391766
0.387858116151
0.997387096231
0.381824555601
0.997387002608
0.381080459533
0.99728991632
0.372727186595
0.997193579011
0.378757732518
0.997483901652
0.388782314648
0.997387189853
0.399927907349
0.997290665299
0.394263853934
0.997386908986
0.383216451939
0.996806263704
0.36864038601
0.997290290809
0.374209521742
0.997483808029
0.378575476785
0.996419229264
0.382565637042
0.997483995274
0.379319228324
0.997193672633
0.378947137224
0.997290009943
0.398626277556
0.997096492723
0.381546520862
0.997483714407
0.375972647859
0.996612933729
0.372820123238
0.996709551905
0.373377054038
0.997386908986
0.379783739274
0.997193485388
0.386466305945
0.997193672633
0.393244307092
0.997580332584
0.402712561348
0.997193766255
0.38321490156
0.997193579011
0.387763456864
0.997483995274
0.378202610495
0.996516034685
0.339675850082
0.997387189853
0.383771401698
0.997290478054
0.375139663361
0.996902601014
0.386744685213
0.997290571676
0.38702461486
0.99709677359
0.385536767252
0.997290103565
0.377364974858
0.997483527163
0.375510204082
0.997096492723
0.372909270064
0.997580051717
0.379685806964
0.997483901652
0.367435913337
0.996903069125
0.361120614364
0.997193298144
0.383492505637
0.99583849036
0.392224760251
0.997096492723
0.38414237308
0.996806450948
0.38042904171
0.99758098794
0.373748886741
0.996129093868
0.370963543685
0.996709083794
0.376902789477
0.997000155413
0.389066034112
0.99709677359
0.385723587992
0.997386815364
0.370685164418
0.997386721742
0.380337741579
0.997290384432
0.384054432105
0.997096679967
0.393893485477
0.997193298144
0.377182374596
0.996612746484
0.382936091631
0.997290384432
0.398068571566
0.997096305478
0.408839747598
0.997000342657
0.383584322562
0.997193204522
0.393056022105
0.997193766255
0.386002484053
0.997580707073
0.399367358997
0.996709083794
0.377182116199
0.997000061791
0.389529942136
0.996322142976
0.378665484933
0.997290571676
0.387949933075
0.996999780924
0.373096349201
0.997096586345
0.394911740336
0.997387096231
0.3952840037
0.997096492723
0.393614158755
0.997483901652
0.369757176104
0.996999593679
0.390641736563
0.99728991632
0.382285448999
0.997387002608
0.370869228927
0.997194047122
0.373188596786
0.997386815364
0.379037403769
0.997289822698
0.375512271254
0.997096492723
0.371146057815
0.997289822698
0.997193298144
0.379039470942
0.997483901652
0.369010668334
0.997483808029
0.378482626274
0.997096867212
0.376438536924
0.997483808029
0.38553668112
0.997290384432
0.369662516817
0.997290384432
0.371706520035
0.997000061791
0.363349629545
0.997483527163
0.360749987511
0.997000061791
0.36362671683
0.997387096231
0.36483342894
0.996612840106
0.363163067202
0.99728991632
0.379313801996
0.997677418872
0.368363040329
0.997483714407
0.385721434687
0.997483808029
0.397975979452
0.99728991632
0.369569838571
0.99709677359
0.357963697001
0.997290103565
0.36826674453
0.997677231627
0.373186357349
0.997193579011
0.367528247055
0.9970963991
0.367897581925
0.996999874546
0.368548224557
0.996999780924
0.368918765278
0.997000061791
0.397513363411
0.99651622193
0.385351324627
0.99728991632
0.376160502185
0.997580519828
0.353135987239
0.99690325637
0.379872886101
0.997097054456
0.391291173344
0.996999968168
0.365113530852
0.997000061791
0.361211569966
0.996999780924
0.369754936667
0.996225992911
0.370129008808
0.996902601014
0.378574184802
0.997386908986
0.372449668649
0.997386721742
0.392408307967
0.997096867212
0.388695924052
0.997193298144
0.373469473887
0.997000155413
0.382749959949
0.996129374734
0.381542041988
0.997193110899
0.387672242865
