avg triplet loss (train set)	
 2.0165e-01	
 2.0103e-01	
 2.0037e-01	
 2.0096e-01	
 2.0048e-01	
 2.0096e-01	
 2.0074e-01	
 2.0150e-01	
 2.0203e-01	
 2.0037e-01	
 2.0037e-01	
 2.0143e-01	
 2.0151e-01	
 1.9961e-01	
 2.0128e-01	
 2.0079e-01	
 2.0092e-01	
 2.0317e-01	
 1.9880e-01	
 1.9951e-01	
 2.0003e-01	
 2.0008e-01	
 2.0333e-01	
 2.0017e-01	
 2.0042e-01	
 2.0148e-01	
 1.9786e-01	
 2.0011e-01	
 2.0102e-01	
 2.0107e-01	
 2.0162e-01	
 2.0039e-01	
 1.9918e-01	
 2.0309e-01	
 1.9943e-01	
 2.0075e-01	
 1.9930e-01	
 2.0087e-01	
 2.0268e-01	
 1.9846e-01	
 2.0008e-01	
 1.9801e-01	
