avg triplet loss (train set)	
 1.5458e-01	
 1.3101e-01	
 1.2221e-01	
 1.1379e-01	
 1.0652e-01	
 9.7537e-02	
 8.8436e-02	
 7.9259e-02	
 7.1406e-02	
 6.3137e-02	
 5.6361e-02	
 5.0342e-02	
 4.5657e-02	
 3.9437e-02	
 3.6371e-02	
 3.3513e-02	
 3.1271e-02	
 2.8977e-02	
 2.7498e-02	
 2.4750e-02	
 2.2650e-02	
 2.1123e-02	
 2.0298e-02	
 1.9072e-02	
 1.6639e-02	
 1.6335e-02	
 1.4617e-02	
 1.4595e-02	
 1.3221e-02	
 1.2277e-02	
 1.2614e-02	
 1.1473e-02	
 1.1417e-02	
 1.0344e-02	
 1.0312e-02	
 1.0393e-02	
 1.0558e-02	
 9.9875e-03	
 9.2594e-03	
 9.3988e-03	
 9.3392e-03	
 8.6944e-03	
 8.7379e-03	
 9.2201e-03	
 9.4022e-03	
 8.2083e-03	
 8.7236e-03	
 8.3420e-03	
 8.0741e-03	
 7.4739e-03	
 7.7349e-03	
 7.7551e-03	
 7.5230e-03	
 7.4123e-03	
 7.3257e-03	
 7.3723e-03	
 7.0176e-03	
 7.0188e-03	
 6.9760e-03	
 6.7363e-03	
 6.7831e-03	
 6.3081e-03	
 6.0427e-03	
 5.9044e-03	
 5.0675e-03	
 5.3029e-03	
 5.0950e-03	
 5.1021e-03	
 5.1939e-03	
 4.9251e-03	
 5.0903e-03	
 4.9275e-03	
 4.6989e-03	
 4.4291e-03	
 4.7496e-03	
 4.3721e-03	
 4.2748e-03	
 4.5250e-03	
 4.4278e-03	
 4.4914e-03	
 4.5820e-03	
 4.4160e-03	
 3.9998e-03	
 3.7058e-03	
 4.6598e-03	
 4.1733e-03	
