0.632341623897
0.46128771083
0.661374075246
0.440119947701
0.679088437463
0.380986317039
0.686151113824
0.392779107085
0.750992957733
0.3946334472
0.778570799965
0.396489251563
0.789313486662
0.422483777
0.807896850734
0.417471830464
0.849608284447
0.408746035766
0.863640763883
0.341812100885
0.86635281363
0.378295719402
0.888610664325
0.375043798223
0.90844744327
0.392218558733
0.913672969942
0.354065181403
0.929256957539
0.40141075929
0.922576540882
0.343294866693
0.939803599214
0.39741896252
0.925191691586
0.357593414677
0.925000140433
0.361676769974
0.956448327064
0.383865285795
0.959255777898
0.354714704317
0.939515523508
0.348032998968
0.960901938168
0.373840273005
0.952481645355
0.369290770246
0.967869213442
0.360656275678
0.957418628209
0.346174610639
0.944061352542
0.358059476006
0.976484146942
0.381638682315
0.979000338913
0.369941585143
0.979579673483
0.332528944726
0.95848217713
0.352765791047
0.982483836116
0.329370821512
0.98325640704
0.370682838848
0.982483461627
0.348868050639
0.98374268108
0.343670144685
0.977451358553
0.349517659685
0.977353616909
0.366319898433
0.967676632445
0.977063294268
0.343108735011
0.974063262436
0.347937995152
0.983741183123
0.363628956267
0.984613649003
0.33893476864
0.988096584473
0.374301941592
0.978226270033
0.350166407409
0.98616085054
0.357036570009
0.980450922273
0.344688744072
0.983160818708
0.354528572634
0.984709237334
0.348961590207
0.98703172484
0.341437167422
0.987709737277
0.330485199904
0.983934419476
0.362329479779
0.983548508504
0.33540980839
0.988773286198
0.350444442148
0.985580392502
0.355273271628
0.989741621275
0.361214756857
0.985386407171
0.334848915509
0.987032754685
0.369383793021
0.98490256731
0.345339903497
0.990804889329
0.343112094167
0.985870527898
0.357688160096
0.985676823434
0.339119866736
0.986257094227
0.361303645287
0.984419476427
0.332065811891
0.986064700474
0.331787863284
0.984902941799
0.303565442384
0.990031850294
0.36075231308
0.992450300621
0.349332130928
0.988289820826
0.354626418813
0.992934795838
0.343112266431
0.992257626002
0.339026757829
0.991871902273
0.352675696766
0.991774535119
0.341904520735
0.985869966165
0.358055083264
0.992548791243
0.348312153426
0.992838833017
0.344412862638
0.992548323132
0.366783031268
0.992838364906
0.354993772642
0.988773660687
0.353881116893
0.987224961194
0.357684973204
0.991773786141
0.354623662582
0.993322579256
0.339402035821
0.992838177661
0.345709755161
0.986450705069
0.335038147951
0.993419384677
0.336984218858
0.977934449436
0.332806893332
