avg triplet loss (train set)	
 1.7392e-01	
 1.5500e-01	
 1.5225e-01	
 1.5183e-01	
 1.5048e-01	
 1.5026e-01	
 1.4967e-01	
 1.4979e-01	
 1.4891e-01	
 1.4887e-01	
 1.4842e-01	
 1.4817e-01	
 1.4792e-01	
 1.4801e-01	
 1.4756e-01	
 1.4768e-01	
 1.4753e-01	
 1.4728e-01	
 1.4736e-01	
 1.4697e-01	
 1.4689e-01	
 1.4693e-01	
 1.4663e-01	
 1.4680e-01	
 1.4660e-01	
 1.4645e-01	
 1.4655e-01	
 1.4654e-01	
 1.4633e-01	
 1.4636e-01	
 1.4623e-01	
 1.4629e-01	
 1.4615e-01	
 1.4598e-01	
 1.4598e-01	
 1.4606e-01	
 1.4620e-01	
 1.4621e-01	
 1.4603e-01	
 1.4591e-01	
 1.4576e-01	
 1.4575e-01	
 1.4569e-01	
 1.4559e-01	
 1.4597e-01	
 1.4614e-01	
 1.4723e-01	
 1.4597e-01	
 1.4595e-01	
 1.4595e-01	
