avg triplet loss (train set)	
 2.0164e-01	
 2.0152e-01	
 2.0239e-01	
 2.0267e-01	
 2.0251e-01	
 2.0292e-01	
 2.0318e-01	
 2.0307e-01	
 2.0438e-01	
 2.0361e-01	
 2.0371e-01	
 2.0208e-01	
 2.0381e-01	
 2.0312e-01	
 2.0421e-01	
 2.0428e-01	
 2.0052e-01	
 2.0507e-01	
 2.0132e-01	
 2.0366e-01	
 2.0233e-01	
 2.0432e-01	
 2.0335e-01	
 2.0300e-01	
 2.0423e-01	
 2.0173e-01	
 2.0402e-01	
 2.0127e-01	
 2.0695e-01	
 1.9962e-01	
 2.0288e-01	
 2.0197e-01	
 2.0338e-01	
 2.0426e-01	
 2.0385e-01	
 2.0064e-01	
 2.0124e-01	
 2.0415e-01	
 2.0365e-01	
 2.0095e-01	
 2.0366e-01	
 2.0306e-01	
 2.0676e-01	
 2.0021e-01	
 2.0079e-01	
 2.0619e-01	
 2.0164e-01	
 2.0478e-01	
 1.9688e-01	
 2.0056e-01	
 2.0849e-01	
 1.9720e-01	
 2.0461e-01	
 2.0429e-01	
 2.0322e-01	
 1.9999e-01	
 2.0301e-01	
 2.0155e-01	
 2.0071e-01	
 2.0108e-01	
 2.0409e-01	
 2.0072e-01	
 2.0283e-01	
 2.0070e-01	
 2.0614e-01	
 1.9820e-01	
 2.0408e-01	
 2.0266e-01	
 2.0103e-01	
 2.0175e-01	
 2.0036e-01	
 2.0189e-01	
 2.0644e-01	
 2.0392e-01	
 2.0116e-01	
 1.9903e-01	
 2.0287e-01	
 2.0026e-01	
 2.0546e-01	
