0.362532838009
0.832714990276
0.390108714173
0.93213902426
0.404725209293
0.951076997018
0.388271470862
0.970107475758
0.387881346887
0.961195721641
0.384009130043
0.982919554249
0.385080355989
0.983569163295
0.379366121099
0.952470443736
0.398044886258
0.986260708386
0.389622814622
0.981711636288
0.389142345163
0.397658975286
0.389919409955
0.982919123588
0.378689138507
0.977071177927
0.389335675138
0.984589743722
0.394659130699
0.976420621427
0.403367780085
0.987097310436
0.396306695303
0.989509787202
0.39504457356
0.988859919759
0.396013189505
0.985889220211
0.373656380076
0.98783847801
0.369400873683
0.988209966184
0.386820138524
0.984682163572
0.374238897804
0.985239697297
0.37965644374
0.989881189245
0.381399690298
0.989787908073
0.384108744132
0.98820979392
0.385171637697
0.989509442673
0.384495123216
0.985982156854
0.366010717877
0.98821056911
0.39059611168
0.989880844716
0.384592303126
0.989974125887
0.388558891213
0.991459045001
0.391076393895
0.992294699597
