avg triplet loss (train set)	
 7.5312e-02	
 6.3583e-02	
 5.9701e-02	
 5.8837e-02	
 5.7955e-02	
 5.7204e-02	
 5.6490e-02	
 5.6372e-02	
 5.6145e-02	
 5.5914e-02	
 5.5692e-02	
 5.5306e-02	
 5.5425e-02	
 5.4998e-02	
 5.4863e-02	
 5.4920e-02	
 5.4617e-02	
 5.4700e-02	
 5.4452e-02	
 5.4259e-02	
 5.4191e-02	
 5.3914e-02	
 5.4107e-02	
 5.3664e-02	
 5.3749e-02	
 5.3641e-02	
 5.3450e-02	
 5.3467e-02	
 5.3187e-02	
 5.3350e-02	
 5.3118e-02	
 5.3069e-02	
 5.3048e-02	
 5.3013e-02	
 5.2622e-02	
 5.2734e-02	
 5.2722e-02	
 5.2431e-02	
 5.2519e-02	
 5.2411e-02	
 5.2185e-02	
 5.2096e-02	
 5.2080e-02	
 5.2014e-02	
 5.1679e-02	
 5.1792e-02	
 5.1438e-02	
 5.1239e-02	
 5.1290e-02	
 5.0981e-02	
 5.0785e-02	
 5.0716e-02	
 5.0489e-02	
 4.9974e-02	
 5.0022e-02	
 4.9822e-02	
 4.9958e-02	
 4.9577e-02	
 4.9496e-02	
 4.9178e-02	
 4.8961e-02	
 4.8611e-02	
 4.8249e-02	
 4.8175e-02	
 4.7794e-02	
 4.7783e-02	
 4.7219e-02	
 4.6970e-02	
 4.6761e-02	
 4.6125e-02	
 4.5817e-02	
 4.5077e-02	
 4.5274e-02	
 4.4655e-02	
 4.4583e-02	
 4.3922e-02	
 4.3501e-02	
 4.3451e-02	
 4.3097e-02	
 4.2683e-02	
 4.3356e-02	
 4.3274e-02	
 4.2549e-02	
 4.1890e-02	
 4.1874e-02	
 4.0418e-02	
 4.1657e-02	
 4.0862e-02	
 3.9852e-02	
 3.9495e-02	
 3.9963e-02	
 4.0061e-02	
 3.9528e-02	
 3.9092e-02	
 3.8402e-02	
 3.8526e-02	
 3.8979e-02	
 3.8531e-02	
 3.7191e-02	
 3.7279e-02	
