avg triplet loss (train set)	
 4.1692e+00	
 4.0290e+00	
 3.9820e+00	
 3.9561e+00	
 3.9374e+00	
 3.9243e+00	
 3.9173e+00	
 3.9091e+00	
 3.9039e+00	
 3.9011e+00	
 3.8996e+00	
 3.8966e+00	
 3.8933e+00	
 3.8908e+00	
 3.8888e+00	
 3.8873e+00	
 3.8857e+00	
 3.8848e+00	
 3.8831e+00	
 3.8826e+00	
 3.8818e+00	
 3.8810e+00	
 3.8809e+00	
 3.8783e+00	
 3.8788e+00	
 3.8795e+00	
 3.8782e+00	
 3.8784e+00	
 3.8768e+00	
 3.8768e+00	
 3.8755e+00	
 3.8754e+00	
 3.8754e+00	
 3.8753e+00	
 3.8758e+00	
 3.8748e+00	
 3.8749e+00	
 3.8738e+00	
 3.8743e+00	
 3.8742e+00	
 3.8732e+00	
 3.8735e+00	
 3.8735e+00	
 3.8729e+00	
 3.8723e+00	
 3.8730e+00	
 3.8726e+00	
 3.8721e+00	
 3.8721e+00	
 3.8714e+00	
 3.8718e+00	
 3.8712e+00	
 3.8717e+00	
 3.8708e+00	
 3.8709e+00	
 3.8713e+00	
 3.8709e+00	
 3.8702e+00	
 3.8706e+00	
 3.8701e+00	
 3.8703e+00	
 3.8704e+00	
 3.8707e+00	
 3.8700e+00	
 3.8704e+00	
 3.8706e+00	
 3.8698e+00	
 3.8705e+00	
 3.8699e+00	
 3.8695e+00	
 3.8697e+00	
 3.8691e+00	
 3.8689e+00	
 3.8696e+00	
 3.8698e+00	
 3.8690e+00	
 3.8692e+00	
 3.8691e+00	
 3.8692e+00	
 3.8693e+00	
 3.8689e+00	
 3.8684e+00	
 3.8685e+00	
 3.8694e+00	
 3.8694e+00	
 3.8689e+00	
 3.8686e+00	
 3.8683e+00	
 3.8692e+00	
 3.8686e+00	
 3.8687e+00	
 3.8689e+00	
 3.8683e+00	
 3.8691e+00	
 3.8687e+00	
 3.8683e+00	
 3.8691e+00	
 3.8682e+00	
 3.8678e+00	
 3.8685e+00	
 3.8680e+00	
 3.8684e+00	
 3.8683e+00	
 3.8690e+00	
 3.8689e+00	
 3.8686e+00	
 3.8681e+00	
 3.8678e+00	
 3.8681e+00	
 3.8682e+00	
 3.8684e+00	
 3.8678e+00	
 3.8683e+00	
 3.8682e+00	
 3.8678e+00	
 3.8684e+00	
 3.8681e+00	
 3.8681e+00	
 3.8678e+00	
 3.8678e+00	
 3.8688e+00	
 3.8685e+00	
 3.8679e+00	
 3.8682e+00	
 3.8676e+00	
 3.8676e+00	
 3.8673e+00	
 3.8678e+00	
 3.8678e+00	
 3.8677e+00	
 3.8679e+00	
 3.8679e+00	
 3.8687e+00	
 3.8681e+00	
 3.8673e+00	
 3.8687e+00	
 3.8681e+00	
 3.8679e+00	
 3.8679e+00	
 3.8673e+00	
 3.8676e+00	
 3.8672e+00	
 3.8681e+00	
 3.8677e+00	
 3.8682e+00	
 3.8680e+00	
 3.8680e+00	
 3.8679e+00	
 3.8679e+00	
 3.8670e+00	
 3.8679e+00	
 3.8676e+00	
 3.8684e+00	
 3.8678e+00	
 3.8672e+00	
 3.8679e+00	
 3.8681e+00	
 3.8678e+00	
 3.8679e+00	
 3.8682e+00	
 3.8672e+00	
 3.8674e+00	
 3.8670e+00	
 3.8673e+00	
 3.8674e+00	
 3.8675e+00	
 3.8682e+00	
 3.8675e+00	
 3.8674e+00	
 3.8673e+00	
 3.8673e+00	
 3.8674e+00	
 3.8670e+00	
 3.8672e+00	
 3.8674e+00	
 3.8672e+00	
 3.8673e+00	
 3.8675e+00	
 3.8676e+00	
 3.8672e+00	
 3.8676e+00	
 3.8675e+00	
 3.8678e+00	
 3.8667e+00	
 3.8670e+00	
 3.8676e+00	
 3.8672e+00	
 3.8675e+00	
 3.8669e+00	
 3.8673e+00	
 3.8669e+00	
 3.8674e+00	
 3.8674e+00	
 3.8672e+00	
 3.8673e+00	
 3.8673e+00	
 3.8672e+00	
 3.8672e+00	
 3.8668e+00	
 3.8670e+00	
 3.8666e+00	
 3.8676e+00	
 3.8674e+00	
 3.8669e+00	
 3.8674e+00	
 3.8673e+00	
 3.8669e+00	
 3.8672e+00	
 3.8671e+00	
 3.8672e+00	
 3.8669e+00	
 3.8669e+00	
 3.8673e+00	
 3.8672e+00	
 3.8672e+00	
 3.8673e+00	
 3.8672e+00	
 3.8668e+00	
 3.8669e+00	
 3.8671e+00	
 3.8674e+00	
 3.8666e+00	
 3.8665e+00	
 3.8673e+00	
 3.8670e+00	
 3.8669e+00	
 3.8671e+00	
 3.8668e+00	
 3.8666e+00	
 3.8670e+00	
 3.8665e+00	
 3.8671e+00	
 3.8672e+00	
 3.8673e+00	
 3.8670e+00	
 3.8670e+00	
 3.8675e+00	
 3.8672e+00	
 3.8670e+00	
 3.8673e+00	
 3.8666e+00	
 3.8667e+00	
 3.8669e+00	
 3.8668e+00	
 3.8669e+00	
 3.8666e+00	
 3.8671e+00	
 3.8674e+00	
 3.8677e+00	
 3.8671e+00	
