avg triplet loss (train set)	
 2.1444e-01	
 1.7914e-01	
 1.6937e-01	
 1.6207e-01	
 1.5802e-01	
 1.5500e-01	
 1.5444e-01	
 1.5095e-01	
 1.5064e-01	
 1.4905e-01	
 1.4910e-01	
 1.4746e-01	
 1.4650e-01	
 1.4684e-01	
 1.4541e-01	
 1.4530e-01	
 1.4488e-01	
 1.4551e-01	
 1.4477e-01	
 1.4289e-01	
 1.4333e-01	
 1.4258e-01	
 1.4264e-01	
 1.4082e-01	
 1.4187e-01	
 1.4043e-01	
 1.3985e-01	
 1.3982e-01	
 1.4002e-01	
 1.3877e-01	
 1.3730e-01	
 1.3790e-01	
 1.3734e-01	
 1.3803e-01	
 1.3823e-01	
 1.3710e-01	
 1.3682e-01	
 1.3537e-01	
 1.3546e-01	
 1.3544e-01	
 1.3453e-01	
 1.3437e-01	
 1.3409e-01	
 1.3373e-01	
 1.3358e-01	
 1.3270e-01	
 1.3283e-01	
 1.3356e-01	
 1.3494e-01	
 1.3126e-01	
 1.3019e-01	
 1.3063e-01	
 1.2964e-01	
 1.2910e-01	
 1.2843e-01	
 1.2802e-01	
 1.2954e-01	
 1.2678e-01	
 1.2694e-01	
 1.2585e-01	
 1.2915e-01	
 1.2783e-01	
 1.2671e-01	
 1.2571e-01	
 1.2426e-01	
 1.2355e-01	
 1.2495e-01	
 1.2479e-01	
 1.2494e-01	
 1.2265e-01	
 1.2148e-01	
 1.2185e-01	
 1.2210e-01	
 1.2122e-01	
 1.2271e-01	
 1.2292e-01	
 1.2201e-01	
 1.1986e-01	
 1.2037e-01	
 1.2006e-01	
 1.1965e-01	
 1.2013e-01	
 1.2036e-01	
 1.1830e-01	
 1.1848e-01	
 1.1872e-01	
 1.1745e-01	
 1.1595e-01	
 1.1555e-01	
 1.1841e-01	
 1.1698e-01	
 1.1736e-01	
 1.1801e-01	
 1.1550e-01	
 1.1510e-01	
 1.1414e-01	
 1.1418e-01	
 1.1463e-01	
 1.1374e-01	
 1.1334e-01	
 1.1527e-01	
 1.1344e-01	
 1.1026e-01	
 1.0982e-01	
 1.1175e-01	
 1.0999e-01	
 1.1098e-01	
 1.1249e-01	
 1.1204e-01	
 1.1125e-01	
 1.1033e-01	
 1.0961e-01	
 1.0835e-01	
 1.1008e-01	
 1.0899e-01	
 1.0885e-01	
 1.0838e-01	
 1.1040e-01	
 1.1037e-01	
 1.0830e-01	
 1.0672e-01	
 1.0749e-01	
 1.0740e-01	
 1.0847e-01	
 1.0800e-01	
 1.0583e-01	
 1.0784e-01	
 1.0645e-01	
 1.0501e-01	
 1.0575e-01	
 1.0516e-01	
 1.0519e-01	
 1.0514e-01	
 1.0398e-01	
 1.0392e-01	
 1.0120e-01	
 1.0374e-01	
 1.0292e-01	
 1.0373e-01	
 1.0326e-01	
 1.0126e-01	
 1.0153e-01	
 1.0212e-01	
 1.0327e-01	
 1.0402e-01	
 1.0187e-01	
 1.0095e-01	
 1.0074e-01	
 9.9230e-02	
 9.9666e-02	
 1.0081e-01	
 1.0167e-01	
 9.9361e-02	
 1.0034e-01	
 9.7244e-02	
 9.8322e-02	
 9.9397e-02	
 9.8374e-02	
 9.7358e-02	
 9.7567e-02	
 1.0012e-01	
 9.6862e-02	
 9.8190e-02	
 9.6686e-02	
 9.8584e-02	
 9.6818e-02	
 9.6738e-02	
 9.6402e-02	
 9.5671e-02	
 9.3596e-02	
 9.6074e-02	
 9.4194e-02	
 9.5271e-02	
 9.1829e-02	
 9.4281e-02	
 9.3289e-02	
 9.0797e-02	
 9.1598e-02	
 9.0615e-02	
 9.2456e-02	
 9.1596e-02	
 9.1549e-02	
 9.2410e-02	
 9.0855e-02	
 9.0596e-02	
 9.1656e-02	
 9.1248e-02	
 9.0839e-02	
 9.2211e-02	
 9.1737e-02	
 9.1199e-02	
 9.1506e-02	
 8.9414e-02	
 8.9867e-02	
 9.1710e-02	
 8.8757e-02	
 8.7598e-02	
 8.8861e-02	
 8.8465e-02	
 8.7736e-02	
 8.7768e-02	
 8.7370e-02	
 8.7828e-02	
 8.7380e-02	
 8.8604e-02	
 8.5247e-02	
 8.3472e-02	
 8.3371e-02	
 8.4758e-02	
 8.4172e-02	
 8.2814e-02	
 8.3641e-02	
 8.5741e-02	
 8.3511e-02	
 8.1045e-02	
 8.1178e-02	
 8.0414e-02	
 8.3198e-02	
 8.1291e-02	
 8.0639e-02	
 8.0723e-02	
 7.9200e-02	
 7.9989e-02	
 7.9322e-02	
 7.4804e-02	
 7.6187e-02	
 7.5538e-02	
 7.7137e-02	
 7.4824e-02	
 7.3720e-02	
 7.4335e-02	
 7.4229e-02	
 7.0896e-02	
 6.9159e-02	
 7.1362e-02	
 7.1316e-02	
 7.2677e-02	
 6.8998e-02	
 6.9611e-02	
 6.9113e-02	
 6.7249e-02	
 6.8635e-02	
 6.7645e-02	
 6.7954e-02	
 6.9120e-02	
 6.6550e-02	
 6.6733e-02	
 6.6403e-02	
 6.5980e-02	
 6.3687e-02	
 6.4225e-02	
 6.3241e-02	
 6.1510e-02	
 6.0653e-02	
 5.9219e-02	
 6.0050e-02	
 6.0833e-02	
 5.8197e-02	
 6.0182e-02	
 5.8857e-02	
 5.7834e-02	
 5.8394e-02	
 5.6885e-02	
 5.8610e-02	
 5.8295e-02	
 5.7190e-02	
 5.6668e-02	
 5.8503e-02	
 5.8009e-02	
 5.5336e-02	
 5.5915e-02	
 5.2001e-02	
 5.2935e-02	
 5.2445e-02	
 5.1597e-02	
 5.2398e-02	
 5.3471e-02	
 5.1744e-02	
 5.2870e-02	
 4.9879e-02	
 5.1687e-02	
 4.8647e-02	
 4.7223e-02	
 4.7152e-02	
 4.7690e-02	
 4.9324e-02	
 4.7164e-02	
 4.4704e-02	
 4.7819e-02	
 4.8161e-02	
 4.8479e-02	
 4.8494e-02	
 4.8308e-02	
 4.5379e-02	
 4.4823e-02	
 4.5188e-02	
 4.4824e-02	
 4.3353e-02	
 4.4284e-02	
 4.3286e-02	
 4.3865e-02	
 4.2973e-02	
 4.2945e-02	
 4.1392e-02	
 4.4715e-02	
 4.2888e-02	
 4.3127e-02	
 4.4288e-02	
 4.0894e-02	
 4.1936e-02	
 4.2403e-02	
 4.1736e-02	
 4.3337e-02	
 4.1855e-02	
 4.1340e-02	
 4.4763e-02	
 4.1566e-02	
 3.9058e-02	
 4.1008e-02	
 3.9604e-02	
 4.0462e-02	
 3.9266e-02	
 3.9787e-02	
 4.0515e-02	
 3.7061e-02	
 3.9248e-02	
 3.7831e-02	
 3.8322e-02	
 3.9297e-02	
 3.9744e-02	
 3.7668e-02	
 3.8661e-02	
 3.8873e-02	
 3.9861e-02	
 4.0414e-02	
 3.9452e-02	
 3.6894e-02	
 3.5458e-02	
 3.4982e-02	
 3.7155e-02	
 3.5384e-02	
 3.5458e-02	
 3.5882e-02	
 3.4690e-02	
 3.4413e-02	
 3.4871e-02	
 3.4649e-02	
 3.2896e-02	
 3.3106e-02	
 3.2651e-02	
 3.3974e-02	
 3.4117e-02	
 3.4724e-02	
 3.2376e-02	
 3.2598e-02	
 3.1829e-02	
 3.6413e-02	
 3.3573e-02	
 3.1529e-02	
 3.2942e-02	
 3.1440e-02	
 3.3412e-02	
 3.1587e-02	
 3.1973e-02	
 3.1713e-02	
 3.1280e-02	
 3.1954e-02	
 3.0904e-02	
 2.9016e-02	
 3.0573e-02	
 2.8801e-02	
 2.9875e-02	
 2.8995e-02	
 2.9702e-02	
 2.9572e-02	
 2.7508e-02	
 2.8483e-02	
 2.7094e-02	
 2.9724e-02	
 2.8393e-02	
 2.6738e-02	
 2.8238e-02	
 2.6576e-02	
 2.7801e-02	
 2.8454e-02	
 2.7320e-02	
 2.6797e-02	
 2.7626e-02	
 2.7900e-02	
 2.7105e-02	
 2.5042e-02	
 2.7729e-02	
 2.6942e-02	
 2.7183e-02	
 2.6302e-02	
 2.6023e-02	
 2.5012e-02	
 2.6799e-02	
 2.5066e-02	
 2.4593e-02	
 2.6310e-02	
 2.5215e-02	
 2.4873e-02	
 2.6105e-02	
 2.4623e-02	
 2.4467e-02	
 2.6435e-02	
 2.4890e-02	
 2.6644e-02	
 2.6576e-02	
 2.6099e-02	
 2.5825e-02	
 2.5110e-02	
 2.4990e-02	
 2.7136e-02	
 2.3775e-02	
 2.3028e-02	
 2.4871e-02	
 2.3928e-02	
 2.4731e-02	
 2.4698e-02	
 2.5310e-02	
 2.3926e-02	
 2.4210e-02	
 2.4964e-02	
 2.5959e-02	
 2.4213e-02	
 2.4293e-02	
 2.5067e-02	
 2.3329e-02	
 2.3133e-02	
 2.3347e-02	
 2.5171e-02	
 2.2811e-02	
 2.2881e-02	
 2.3547e-02	
 2.4154e-02	
 2.1507e-02	
 2.3932e-02	
 2.3997e-02	
 2.8047e-02	
 2.4460e-02	
 2.1663e-02	
 2.3773e-02	
 2.2479e-02	
 2.3471e-02	
 2.5278e-02	
 2.3148e-02	
 2.3002e-02	
 2.3687e-02	
 2.1631e-02	
 2.1632e-02	
 2.0835e-02	
 2.2298e-02	
 2.0540e-02	
 2.1226e-02	
 2.2421e-02	
 2.0151e-02	
 2.0563e-02	
 2.2642e-02	
 2.2791e-02	
 2.1201e-02	
 2.0713e-02	
 2.0264e-02	
 2.0119e-02	
 2.0129e-02	
 1.9375e-02	
 2.1625e-02	
 2.1445e-02	
 2.0725e-02	
 2.1475e-02	
 2.0773e-02	
 2.0078e-02	
 1.9720e-02	
 1.9592e-02	
 2.0392e-02	
 2.0773e-02	
 2.1908e-02	
 2.0152e-02	
 2.0232e-02	
 1.9125e-02	
 2.0245e-02	
 2.1797e-02	
 1.8975e-02	
 2.0357e-02	
 2.0344e-02	
 2.0703e-02	
 1.8231e-02	
 1.7166e-02	
 1.9266e-02	
 1.7509e-02	
 1.7824e-02	
 1.8192e-02	
 1.9001e-02	
 2.0641e-02	
 1.8809e-02	
 1.9585e-02	
 1.8556e-02	
 1.9875e-02	
 1.7070e-02	
 1.7707e-02	
 1.7484e-02	
 1.8644e-02	
