0.810900632727
0.892221314963
0.922391012622
0.952654852774
0.958688154928
0.970292487722
0.956553885165
0.979483654693
0.968158304091
0.971778612686
0.979669441846
0.982083555124
0.981897337309
0.987374828382
0.987374656117
0.987467506628
0.982269170013
0.983012146363
0.983754347523
0.978555494115
0.980505096442
0.987003857
0.984589399193
0.98393910109
0.984032812923
0.984403784304
0.98644615101
0.985982329118
0.989231149538
0.986631852032
0.985703863718
0.988210052317
0.987839080935
0.990066804134
0.988488603849
0.989695402091
0.98263996913
0.991644918286
0.988860005891
0.991366539019
0.987003167942
0.986446495539
0.980969176731
0.983382859348
0.988859919759
0.989323827784
0.989880844716
0.98635407569
