avg triplet loss (train set)	
 2.0326e-01	
 1.9869e-01	
 2.0316e-01	
 2.0087e-01	
 2.0268e-01	
 2.0354e-01	
 1.9999e-01	
 2.0203e-01	
 2.0282e-01	
 2.0162e-01	
 2.0205e-01	
 2.0107e-01	
 2.0039e-01	
 2.0079e-01	
 2.0059e-01	
 1.9814e-01	
 2.0185e-01	
 2.0202e-01	
 2.0070e-01	
 2.0337e-01	
 2.0330e-01	
 1.9786e-01	
 2.0535e-01	
 1.9895e-01	
 2.0620e-01	
 1.9907e-01	
 1.9842e-01	
 2.0322e-01	
 1.9892e-01	
 2.0219e-01	
 2.0120e-01	
 1.9846e-01	
 2.0040e-01	
 2.0200e-01	
 2.0181e-01	
 1.9642e-01	
 2.0530e-01	
 2.0111e-01	
 1.9960e-01	
 2.0138e-01	
 1.9848e-01	
 2.0520e-01	
 2.0160e-01	
 1.9883e-01	
 1.9930e-01	
 2.0248e-01	
 2.0233e-01	
 1.9906e-01	
 2.0417e-01	
 2.0157e-01	
 2.0291e-01	
