avg triplet loss (train set)	
 2.0184e-01	
 2.0148e-01	
 2.0114e-01	
 2.0113e-01	
 2.0110e-01	
 2.0123e-01	
 2.0111e-01	
 2.0110e-01	
 2.0104e-01	
 2.0104e-01	
 2.0113e-01	
 2.0061e-01	
 2.0089e-01	
 2.0096e-01	
 2.0079e-01	
 2.0088e-01	
 2.0083e-01	
 2.0087e-01	
 2.0080e-01	
 2.0075e-01	
 2.0076e-01	
 2.0100e-01	
 2.0053e-01	
 2.0066e-01	
 2.0108e-01	
 2.0072e-01	
 2.0122e-01	
 1.9996e-01	
 2.0086e-01	
 2.0065e-01	
 2.0088e-01	
 2.0078e-01	
 2.0076e-01	
 2.0026e-01	
 2.0100e-01	
 2.0058e-01	
 2.0066e-01	
 2.0081e-01	
 2.0073e-01	
 2.0123e-01	
 2.0103e-01	
 2.0008e-01	
 2.0062e-01	
 2.0083e-01	
 2.0074e-01	
 2.0075e-01	
 2.0152e-01	
 2.0024e-01	
 2.0112e-01	
 2.0077e-01	
