avg triplet loss (train set)	
 1.9715e-01	
 2.0437e-01	
 2.0462e-01	
 1.9531e-01	
 2.0372e-01	
 2.0170e-01	
 2.0671e-01	
 2.0303e-01	
 2.0336e-01	
 2.0397e-01	
 1.9858e-01	
 2.0051e-01	
 2.0464e-01	
 2.0352e-01	
 2.0193e-01	
 2.0150e-01	
 1.9718e-01	
 2.0545e-01	
 2.0703e-01	
 1.9627e-01	
 2.0704e-01	
 2.0680e-01	
 2.0969e-01	
 1.9559e-01	
 2.0501e-01	
 1.9615e-01	
 2.0027e-01	
 1.9976e-01	
 2.0649e-01	
 2.0252e-01	
 2.0484e-01	
 2.0175e-01	
 1.9622e-01	
 1.9780e-01	
 2.1026e-01	
 2.0082e-01	
 2.0114e-01	
 2.0432e-01	
 2.0231e-01	
 1.9902e-01	
 2.0760e-01	
 2.0256e-01	
 1.9785e-01	
 2.0115e-01	
 2.0476e-01	
 2.0087e-01	
 2.0200e-01	
 1.9561e-01	
 1.9824e-01	
 1.9554e-01	
 2.1051e-01	
 2.0375e-01	
 2.0021e-01	
 1.8986e-01	
 2.0474e-01	
 2.1287e-01	
 2.0066e-01	
 2.0074e-01	
 1.9959e-01	
 2.0110e-01	
 2.0104e-01	
 2.0016e-01	
 1.9665e-01	
 2.0136e-01	
 2.0272e-01	
 2.0081e-01	
 2.0823e-01	
 2.0026e-01	
 2.0337e-01	
 1.9499e-01	
 2.0418e-01	
 1.9468e-01	
 1.9771e-01	
 2.0458e-01	
 2.0491e-01	
 1.9906e-01	
 2.0582e-01	
 1.9896e-01	
 1.9861e-01	
 2.0086e-01	
 2.0348e-01	
 2.0186e-01	
 2.0542e-01	
 2.0393e-01	
 2.0167e-01	
 2.0444e-01	
 2.0340e-01	
 2.0838e-01	
 2.0094e-01	
 1.9996e-01	
 2.0174e-01	
 2.0129e-01	
 1.9992e-01	
 2.0457e-01	
 1.9910e-01	
 2.0347e-01	
 2.0615e-01	
 1.9744e-01	
 1.9921e-01	
 2.0196e-01	
 1.9879e-01	
 2.0189e-01	
 2.0560e-01	
 2.0453e-01	
 1.9964e-01	
 1.9940e-01	
 2.0387e-01	
 2.0184e-01	
 2.0306e-01	
 2.0127e-01	
 1.9808e-01	
 2.0051e-01	
 2.0648e-01	
 1.9622e-01	
 1.9911e-01	
 2.0284e-01	
 2.0153e-01	
 2.0420e-01	
 1.9530e-01	
 2.0909e-01	
 1.9940e-01	
 1.9912e-01	
 2.0275e-01	
 2.0629e-01	
 2.0214e-01	
 2.0453e-01	
 1.9487e-01	
 1.9853e-01	
 2.0149e-01	
 1.9982e-01	
 2.0332e-01	
 2.0415e-01	
 2.0158e-01	
 1.9884e-01	
 2.0132e-01	
 2.0037e-01	
 2.0049e-01	
 1.9912e-01	
 2.0315e-01	
 2.0011e-01	
 2.0046e-01	
 2.0602e-01	
 1.9464e-01	
 1.9754e-01	
 2.0233e-01	
 2.0403e-01	
 2.0150e-01	
 1.9725e-01	
 2.0276e-01	
 2.0052e-01	
 2.0191e-01	
 1.9868e-01	
 2.0230e-01	
 1.9633e-01	
 2.0563e-01	
 1.9854e-01	
 1.9855e-01	
 1.9552e-01	
 2.0353e-01	
 2.0168e-01	
 2.0030e-01	
 1.9766e-01	
 2.0516e-01	
 2.0079e-01	
 2.0508e-01	
 1.9824e-01	
 1.9818e-01	
 1.9994e-01	
 2.0047e-01	
 2.0651e-01	
