0.695230946266
0.84329788132
0.885165709738
0.939102812561
0.95534777598
0.948477957909
0.966487683957
0.964538253894
0.967229540588
0.966766149357
0.97437825472
0.93353100673
0.974471277496
0.981155050017
0.985517818168
0.979205103161
0.971407296775
0.987281891739
0.97437825472
0.982176147238
0.987746402689
0.974563697345
0.962031893031
0.984311278322
0.983382687083
0.984960715104
0.984032899055
0.985889737004
0.963146271423
0.987931586917
0.989045879177
0.987188782831
0.985982156854
0.981711636288
0.982455129431
0.988209966184
0.988674391002
0.985796455832
0.986261139047
0.985333064601
0.991459561794
0.987838736406
0.988024265163
0.986631938164
0.989324430709
0.987003598603
0.989695574355
0.989324258445
0.989324258445
0.991645090551
0.989324775238
0.98969574662
0.989881189244
0.979298384332
0.99118092413
0.989509873334
0.989973953623
0.987560098742
0.989231838595
0.992202279747
0.984775272479
0.99062399333
0.990717188369
0.992480400618
0.988952684138
0.991274033037
0.991738113326
0.986167599478
0.99145982019
0.992387722372
0.989324430709
0.988302902827
0.990159740777
0.991830791572
0.993501583971
0.991088418148
0.991923728215
0.992944825436
0.992573595658
0.991366797415
0.989045965309
0.991273688508
0.9932234631
0.990345786327
0.993594606746
0.991459389529
0.991645090551
0.985889737004
0.991738027194
0.992573251129
0.992109429236
0.989509873334
0.992202279747
0.99238763624
0.99015948238
0.991273860772
0.992480659015
0.991830877704
