avg triplet loss (train set)	
 2.0094e-01	
 2.0123e-01	
 2.0096e-01	
 2.0088e-01	
 2.0093e-01	
 2.0015e-01	
 2.0064e-01	
 2.0113e-01	
 2.0142e-01	
 2.0013e-01	
 1.9967e-01	
 2.0094e-01	
 2.0213e-01	
 2.0134e-01	
 2.0213e-01	
 1.9964e-01	
 2.0416e-01	
 2.0003e-01	
 2.0163e-01	
 2.0090e-01	
 2.0297e-01	
 2.0046e-01	
 2.0156e-01	
 2.0208e-01	
 2.0388e-01	
 2.0007e-01	
 2.0161e-01	
 2.0099e-01	
 2.0191e-01	
 1.9951e-01	
 2.0382e-01	
 2.0035e-01	
 2.0108e-01	
 2.0086e-01	
 2.0222e-01	
 2.0037e-01	
 2.0254e-01	
 2.0028e-01	
 2.0026e-01	
 2.0033e-01	
 2.0370e-01	
 1.9883e-01	
 2.0106e-01	
 2.0140e-01	
 2.0198e-01	
 1.9892e-01	
 2.0282e-01	
 2.0052e-01	
 2.0085e-01	
 2.0101e-01	
