avg triplet loss (train set)	
 1.6247e-01	
 1.4693e-01	
 1.4299e-01	
 1.3708e-01	
 1.3000e-01	
 1.2604e-01	
 1.2184e-01	
 1.1505e-01	
 1.0775e-01	
 1.0224e-01	
 9.4146e-02	
 8.7579e-02	
 8.1848e-02	
 7.6012e-02	
 7.0647e-02	
 6.6783e-02	
 6.3103e-02	
 5.8691e-02	
 5.5895e-02	
 5.2199e-02	
 4.8910e-02	
 4.5440e-02	
 4.2193e-02	
 3.8204e-02	
 3.5372e-02	
 3.2426e-02	
 2.9112e-02	
 2.7090e-02	
 2.5201e-02	
 2.3092e-02	
 2.1611e-02	
 2.0357e-02	
 1.9237e-02	
 1.8028e-02	
 1.6823e-02	
 1.6102e-02	
 1.5735e-02	
 1.5456e-02	
 1.4445e-02	
 1.4158e-02	
 1.3337e-02	
 1.2588e-02	
 1.2590e-02	
 1.2037e-02	
 1.1597e-02	
 1.1448e-02	
 1.1221e-02	
 1.0383e-02	
 1.0108e-02	
 9.8442e-03	
 1.0249e-02	
 9.7057e-03	
 9.6554e-03	
 9.4583e-03	
 9.3870e-03	
 8.6948e-03	
 8.5129e-03	
 8.4643e-03	
 7.6765e-03	
 7.7575e-03	
 7.8446e-03	
 7.9763e-03	
 7.3339e-03	
 6.9775e-03	
 6.7122e-03	
 6.6238e-03	
 6.6178e-03	
 6.3662e-03	
 6.3876e-03	
 6.2731e-03	
 6.2604e-03	
 5.9032e-03	
 5.6046e-03	
 5.7082e-03	
 5.7151e-03	
 5.4549e-03	
 5.1316e-03	
 5.1880e-03	
 5.2790e-03	
 5.2632e-03	
 5.0888e-03	
 5.2527e-03	
