0.301266241122
0.395469015664
0.346363524017
0.452192064468
0.347238143208
0.46138013068
0.364175534255
0.526644565144
0.384206766643
0.579001228245
0.375011094238
0.602489565084
0.361656720861
0.638139079385
0.34839849755
0.651038065264
0.370268096716
0.695509411665
0.372011343274
0.721593256193
0.380721958728
0.729391062578
0.374429044622
0.773301343835
0.384495310461
0.785185520144
0.378591303241
0.790194796582
0.3849807419
0.81702437369
0.348686479634
0.830763579172
0.387979650265
0.834848312584
0.383332241074
0.852486550457
0.357012494827
0.868273204445
0.354978832006
0.871517287594
0.339881305694
0.889063450146
0.369980021009
0.902711613893
0.356914940428
0.913756690319
0.345982294157
0.914593033972
0.34646332535
0.926288839162
0.341526997852
0.929355662245
0.339588923363
0.941330018966
0.339490900852
0.926196247048
0.334561782268
0.944207437343
0.344720640526
0.958224333035
0.354304470838
0.958504090418
0.340075759136
0.960359722517
0.336978547394
0.967600684234
0.970756654143
0.336591606577
0.970571642179
0.3327205132
0.974006422017
0.325944695456
0.971872066122
0.334463947002
0.975676869887
0.316751550853
0.972150703786
0.327494705661
0.97549211632
0.333299379659
0.978184178204
0.332528493936
0.977069627547
0.342692220552
0.975214167713
0.347235709029
0.977627333537
0.346364647484
0.982268394823
0.346949693013
0.98124798666
0.351396563314
0.977255070172
0.335238296749
0.981433946078
0.333202948727
0.982825756284
0.33330275006
0.976420449162
0.327980698834
0.981525763002
0.339590795808
0.984310503133
0.339204791213
0.976977896755
0.345011244034
0.983196986062
0.345883709913
0.986167857875
0.337267465701
0.968436597227
0.333786777166
0.984960887368
0.336109545539
0.986632454957
0.343555324205
0.987188696699
0.336884269774
0.984868036858
0.326236141564
0.986074576703
0.325073259422
0.986911092621
0.334460482979
0.987003167942
0.353529933847
0.987652260195
0.331268057394
0.989416850559
0.339980170804
0.989974039755
0.331363271237
0.989881447641
0.322173590657
0.989416592162
0.335333604214
0.989603240638
0.336497703446
0.989417022823
0.321202821401
0.989695315959
0.329623582325
0.984589571458
0.322848513559
0.990345183401
0.315203787582
0.989973609094
0.341914687648
0.989788683263
0.337749433117
0.987746316557
0.3470450941
0.990530712158
0.342976457745
0.990902286465
0.334658306823
0.991087987487
0.342686884083
0.990809177558
0.344522910304
0.991273946905
0.325850885947
0.990995050844
