avg triplet loss (train set)	
 2.2715e-01	
 2.0287e-01	
 2.0266e-01	
 2.0327e-01	
 2.0424e-01	
 2.0577e-01	
 2.0337e-01	
 2.0595e-01	
 2.0662e-01	
 2.0702e-01	
 2.0463e-01	
 2.0733e-01	
 2.0984e-01	
 2.1208e-01	
 2.0822e-01	
 2.0492e-01	
 2.1227e-01	
 2.0694e-01	
 2.0815e-01	
 2.1055e-01	
 2.1171e-01	
 2.0681e-01	
 2.0632e-01	
 2.1256e-01	
 2.1003e-01	
 2.0861e-01	
 2.0841e-01	
 2.0523e-01	
 2.0464e-01	
 2.0691e-01	
 2.0813e-01	
 2.1106e-01	
 2.0169e-01	
 2.0610e-01	
 2.0703e-01	
 2.1247e-01	
 2.0403e-01	
 1.9943e-01	
 2.1273e-01	
 2.0604e-01	
 2.0524e-01	
 2.0443e-01	
 2.0676e-01	
 2.0625e-01	
 2.0593e-01	
 2.0526e-01	
 2.0371e-01	
 2.0413e-01	
 2.0425e-01	
 2.0535e-01	
