0.362525909962
0.835034616531
0.353238862227
0.905031240149
0.3537248554
0.932602846152
0.339106113347
0.929540588076
0.342107643134
0.955161988827
0.359526252619
0.95516250562
0.352850142587
0.959245602521
0.317522249331
0.960637843388
0.354011245906
0.981061682713
0.364945951867
0.971314963058
0.358365242922
0.978183833675
0.340561939554
0.973914777357
0.36398220428
0.983846595108
0.352562534991
0.978462299075
0.354978644762
0.981804400666
0.339111262571
0.98356899103
0.341720140583
0.987374828382
0.377334705212
0.986817553053
0.356622745342
0.988395150413
0.347134316117
0.988766896984
0.345107300477
0.98217545818
0.36378868706
0.99155224004
0.356913161605
0.990808919161
0.364559760027
0.986260794518
0.349463638049
0.993037503682
0.356335980347
0.990067665456
0.346077508
0.991830791572
0.35604500235
0.990345183401
0.353041038383
0.988209966184
0.353625428556
0.989974384284
0.373754402587
0.991830791572
0.365043131777
0.991274205301
0.372299793469
0.991645004419
0.347626301115
0.987467506628
0.364271122587
0.994151365281
0.347432034917
0.992573251129
0.351303409161
0.987375431307
0.352654003943
0.993594779011
0.372497430069
0.991273257847
0.341235832611
0.993594951275
0.358366460011
0.993965491996
0.335721106765
0.993315969082
0.358754243429
0.993315796818
0.343560754296
0.991738630119
0.351207633585
0.991738113326
0.345786436381
0.991180665733
0.359434783667
0.991180665733
0.351299851515
0.993687629521
0.331462885326
0.993409250254
0.358851236095
0.993223807629
0.327010116822
0.990252332891
0.347139933453
0.991923469818
0.350620621989
0.991088848809
0.347525750804
0.989509614937
0.356915314917
0.994244388057
0.369977025096
0.994894427764
0.35033451235
0.991181268658
0.376366557378
0.992758866018
0.359042600003
0.990902286465
0.358753775318
0.993315969082
0.363884556259
0.994337410832
0.349173783519
0.989323569387
0.350721265923
0.993594262217
0.360690632718
0.992016234197
0.359819664795
0.994058342506
0.351783597754
0.99331588295
0.369884526299
0.99415170981
0.354496583724
0.992666273904
0.371719054565
0.993687457257
0.359811706902
0.994801318856
0.368237242562
0.994615962364
0.343275487257
0.993501583971
0.350721453167
0.994336894038
0.337559286299
0.992944739304
0.352657748834
0.990716671576
0.363497428196
0.993223549232
0.346073294998
0.993873416675
0.369782197165
0.995172807031
0.348400744484
0.993872641485
0.356141995016
0.995357818995
0.356232902234
0.994430002946
0.362915004091
0.994894169367
0.361269499177
0.993594434482
0.342398808376
0.995172979296
0.366492123559
0.994801318856
0.343077569791
0.995172893163
0.360205763012
0.995358594185
0.350914315031
0.994708468346
0.364561070739
0.991830791572
0.361272869579
0.994986933745
0.354394348211
0.99470864061
0.362915097714
0.994708468346
0.357013243805
0.994801491121
0.344530493708
0.994523284117
0.353332578114
0.995265399145
0.3459782684
0.994801577253
0.360975899757
0.993594089953
0.358272369636
0.995543606148
0.363592454794
0.994986847613
0.356527999611
0.994615531703
