avg triplet loss (train set)	
 4.0794e+00	
 3.9581e+00	
 3.9210e+00	
 3.9053e+00	
 3.8974e+00	
 3.8912e+00	
 3.8870e+00	
 3.8842e+00	
 3.8817e+00	
 3.8795e+00	
 3.8777e+00	
 3.8768e+00	
 3.8766e+00	
 3.8747e+00	
 3.8739e+00	
 3.8732e+00	
 3.8722e+00	
 3.8718e+00	
 3.8716e+00	
 3.8715e+00	
 3.8707e+00	
 3.8705e+00	
 3.8704e+00	
 3.8702e+00	
 3.8698e+00	
 3.8695e+00	
 3.8696e+00	
 3.8695e+00	
 3.8693e+00	
 3.8687e+00	
 3.8690e+00	
 3.8688e+00	
 3.8688e+00	
 3.8679e+00	
 3.8681e+00	
 3.8681e+00	
 3.8681e+00	
 3.8682e+00	
 3.8688e+00	
 3.8681e+00	
 3.8678e+00	
 3.8684e+00	
 3.8675e+00	
 3.8677e+00	
 3.8678e+00	
 3.8677e+00	
 3.8672e+00	
 3.8677e+00	
 3.8673e+00	
 3.8677e+00	
 3.8669e+00	
 3.8672e+00	
 3.8670e+00	
 3.8672e+00	
 3.8675e+00	
 3.8674e+00	
 3.8671e+00	
 3.8671e+00	
 3.8675e+00	
 3.8669e+00	
 3.8673e+00	
 3.8673e+00	
 3.8670e+00	
 3.8668e+00	
 3.8670e+00	
 3.8672e+00	
 3.8671e+00	
 3.8671e+00	
 3.8668e+00	
 3.8675e+00	
 3.8667e+00	
 3.8676e+00	
 3.8669e+00	
 3.8671e+00	
 3.8670e+00	
 3.8673e+00	
 3.8669e+00	
 3.8669e+00	
 3.8669e+00	
 3.8665e+00	
 3.8665e+00	
 3.8667e+00	
 3.8668e+00	
 3.8668e+00	
 3.8666e+00	
 3.8666e+00	
 3.8670e+00	
 3.8667e+00	
 3.8666e+00	
 3.8667e+00	
 3.8667e+00	
 3.8666e+00	
 3.8665e+00	
 3.8667e+00	
 3.8663e+00	
 3.8668e+00	
 3.8666e+00	
 3.8661e+00	
 3.8665e+00	
 3.8664e+00	
