avg triplet loss (train set)	
 4.6911e+00	
 4.4836e+00	
 4.3940e+00	
 4.3711e+00	
 4.3518e+00	
 4.3441e+00	
 4.3198e+00	
 4.3149e+00	
 4.2958e+00	
 4.2798e+00	
 4.2690e+00	
 4.2633e+00	
 4.2416e+00	
 4.2502e+00	
 4.2365e+00	
 4.2225e+00	
 4.2216e+00	
 4.2151e+00	
 4.2089e+00	
 4.1942e+00	
 4.1752e+00	
 4.1699e+00	
 4.1677e+00	
 4.1629e+00	
 4.1500e+00	
 4.1443e+00	
 4.1428e+00	
 4.1323e+00	
 4.1254e+00	
 4.1219e+00	
 4.1233e+00	
 4.1339e+00	
 4.1108e+00	
 4.1042e+00	
 4.1049e+00	
 4.1030e+00	
 4.0887e+00	
 4.0783e+00	
 4.0844e+00	
 4.0804e+00	
 4.0740e+00	
 4.0642e+00	
 4.0723e+00	
 4.0581e+00	
 4.0610e+00	
 4.0638e+00	
 4.0570e+00	
 4.0502e+00	
 4.0518e+00	
 4.0399e+00	
 4.0470e+00	
 4.0329e+00	
 4.0369e+00	
 4.0363e+00	
 4.0274e+00	
 4.0180e+00	
 4.0271e+00	
 4.0230e+00	
 4.0201e+00	
 4.0209e+00	
 4.0146e+00	
 4.0214e+00	
 4.0161e+00	
 3.9978e+00	
 4.0075e+00	
 4.0094e+00	
 4.0026e+00	
 4.0019e+00	
 3.9995e+00	
 3.9980e+00	
 3.9857e+00	
 3.9968e+00	
 3.9856e+00	
 3.9934e+00	
 3.9833e+00	
 3.9913e+00	
 3.9756e+00	
 3.9827e+00	
 3.9864e+00	
 3.9996e+00	
 3.9776e+00	
 3.9858e+00	
 3.9739e+00	
 3.9726e+00	
 3.9721e+00	
 3.9715e+00	
 3.9771e+00	
 3.9603e+00	
 3.9672e+00	
 3.9624e+00	
 3.9658e+00	
 3.9655e+00	
 3.9607e+00	
 3.9532e+00	
 3.9580e+00	
 3.9601e+00	
 3.9625e+00	
 3.9501e+00	
 3.9477e+00	
 3.9524e+00	
