0.368180095538
0.300132299058
0.318605071808
0.312108981349
0.310713036797
0.304028402954
0.304307471279
0.318883192679
0.315727567299
0.310900891124
0.324452328412
0.319442362916
0.322041746554
0.319626685822
0.324639579813
0.319254680854
0.32742380315
0.330114831448
0.337081720508
0.335966394661
0.335964069092
0.339957071712
0.347567798961
0.342277042496
0.355832700262
0.350168732978
0.347383906715
0.341907535362
0.342835093014
0.356481361853
0.34757012453
0.355830030163
0.36260682546
0.356204274569
0.348405434597
0.360936808251
