0.714723265857
0.843576432852
0.866784237118
0.949683291904
0.963423358708
0.970109026138
0.969736073715
0.980690022274
0.978926465496
0.986074662836
0.978926982289
0.984589399193
0.985889220211
0.983382342555
0.983940220809
0.985795939039
0.985331944882
0.981247469867
0.988673357416
0.985703088528
0.987281719474
0.989416850559
0.98681781145
0.987281461078
0.98950970107
0.991273430111
0.990531056687
0.989323827784
0.991737596533
0.98626010546
0.989324172313
0.990716154783
0.991180321204
0.988117804731
0.98988101698
0.988674391002
0.992294871861
0.990623562669
0.991366022226
0.990251988362
0.987560443271
0.99164465989
0.992016148065
0.992851544264
0.988488173188
0.9920159758
0.990345355666
0.992944394775
0.992016320329
0.993130354193
