avg triplet loss (train set)	
 2.3607e-01	
 2.0508e-01	
 2.0586e-01	
 2.0779e-01	
 2.0973e-01	
 2.0968e-01	
 2.0874e-01	
 2.0733e-01	
 2.1051e-01	
 2.0763e-01	
 2.0981e-01	
 2.0761e-01	
 2.0841e-01	
 2.0570e-01	
 2.0622e-01	
 2.0820e-01	
 2.0899e-01	
 2.0687e-01	
 2.0413e-01	
 2.0647e-01	
 2.1035e-01	
 2.0542e-01	
 2.0942e-01	
 2.0426e-01	
 2.0230e-01	
 2.0532e-01	
 2.1018e-01	
 2.0780e-01	
 2.0846e-01	
 2.0404e-01	
 2.1091e-01	
 2.0362e-01	
 2.0775e-01	
 2.0424e-01	
 2.0916e-01	
 2.0045e-01	
 2.0639e-01	
 2.0184e-01	
 2.0317e-01	
 2.0370e-01	
 2.0139e-01	
 2.0962e-01	
 2.0375e-01	
 2.0288e-01	
 2.0558e-01	
 2.0585e-01	
 2.0402e-01	
 2.0722e-01	
 2.0026e-01	
 2.0687e-01	
