0.672218342099
0.836353057048
0.902741728005
0.902740604538
0.929740984644
0.943193006042
0.950837544775
0.951416504856
0.979289538086
0.967772969754
0.962354674841
0.981515407416
0.982193045364
0.973677351464
0.984612338291
0.984902473687
0.988579394489
0.985192609084
0.990805544685
0.964675196279
0.991096241815
0.992450955977
0.991579894432
0.984224180384
0.987999030073
0.989063608839
0.991192953614
0.992837803172
0.992740810507
0.989837490474
0.992741091373
0.989740778675
0.990128468471
0.993418822943
0.98983814583
0.994192985445
0.995160571545
0.995063859746
0.956159034268
0.995064046991
0.995160571545
0.986450424202
0.993999374603
0.996515472952
0.991192953614
0.994967054325
0.988193015405
0.994870342526
0.994192610956
0.995450987809
