avg triplet loss (train set)	
 4.2340e+00	
 4.0304e+00	
 3.9586e+00	
 3.9271e+00	
 3.9119e+00	
 3.9034e+00	
 3.8972e+00	
 3.8923e+00	
 3.8879e+00	
 3.8859e+00	
 3.8823e+00	
 3.8814e+00	
 3.8794e+00	
 3.8776e+00	
 3.8764e+00	
 3.8745e+00	
 3.8736e+00	
 3.8738e+00	
 3.8727e+00	
 3.8712e+00	
 3.8714e+00	
 3.8711e+00	
 3.8704e+00	
 3.8702e+00	
 3.8700e+00	
 3.8703e+00	
 3.8693e+00	
 3.8688e+00	
 3.8687e+00	
 3.8683e+00	
 3.8677e+00	
 3.8676e+00	
 3.8679e+00	
 3.8677e+00	
 3.8667e+00	
 3.8674e+00	
 3.8677e+00	
 3.8674e+00	
 3.8692e+00	
 3.8673e+00	
 3.8667e+00	
 3.8666e+00	
 3.8667e+00	
 3.8664e+00	
 3.8661e+00	
 3.8663e+00	
 3.8662e+00	
 3.8656e+00	
 3.8654e+00	
 3.8657e+00	
