avg triplet loss (train set)	
 4.3961e+00	
 4.3120e+00	
 4.2804e+00	
 4.2610e+00	
 4.2374e+00	
 4.2213e+00	
 4.2096e+00	
 4.1932e+00	
 4.1843e+00	
 4.1635e+00	
 4.1564e+00	
 4.1447e+00	
 4.1354e+00	
 4.1263e+00	
 4.1149e+00	
 4.1043e+00	
 4.0956e+00	
 4.0868e+00	
 4.0787e+00	
 4.0684e+00	
 4.0624e+00	
 4.0514e+00	
 4.0446e+00	
 4.0398e+00	
 4.0328e+00	
 4.0266e+00	
 4.0210e+00	
 4.0166e+00	
 4.0079e+00	
 4.0053e+00	
 3.9995e+00	
 3.9992e+00	
 3.9911e+00	
 3.9883e+00	
 3.9823e+00	
 3.9823e+00	
 3.9772e+00	
 3.9774e+00	
 3.9722e+00	
 3.9680e+00	
 3.9648e+00	
 3.9602e+00	
 3.9582e+00	
 3.9562e+00	
 3.9539e+00	
 3.9496e+00	
 3.9484e+00	
 3.9445e+00	
 3.9444e+00	
 3.9445e+00	
