0.369589148056
0.393783013551
0.393782919929
0.382558078572
0.369397971393
0.371719803543
0.383524728449
0.385269098474
0.389719526421
0.379169233477
0.367170884974
0.366299917051
0.369592143969
0.369587462855
0.3696868897
0.380816798081
0.365524350215
0.378105029201
0.372297921024
0.370560385424
0.37462246822
0.373654694876
0.378977120591
0.369688200412
0.383525290182
0.373847182251
0.380816049103
0.376753217329
0.374041729316
0.37210505916
0.380526194573
0.370558325734
0.369880500542
0.377038858857
0.384395134638
0.365717024834
0.368913382554
0.374330460378
0.372108242317
0.367652009789
0.363205607599
0.371427233968
0.368814611065
0.366104433763
0.366492498048
0.373072083526
0.369491125546
0.382268504909
0.362429666274
0.374137504892
