0.677869881809
0.805421246746
0.855461470483
0.905496784685
0.926662480642
0.881917061583
0.946527494259
0.960637843388
0.967601373292
0.966579759278
0.967508695046
0.957760425011
0.977070058208
0.98161930257
0.974192381435
0.98403272679
0.983568301973
0.988302558299
0.978369620829
0.95562624138
0.984125491169
0.986074490571
0.983289922705
0.985889650872
0.98310370489
0.9863533005
0.988302816695
0.983382687083
0.983290611763
0.988766466323
0.988302816695
0.98802452356
0.988023920634
0.978369534697
0.989695143694
0.985981984589
0.981154360959
0.99025190223
0.992016061932
0.990159568512
0.98913804063
0.989788252602
0.990530712158
0.99080926369
0.991551809379
0.991830102515
0.990716585444
0.992758693754
0.990252332891
0.992387377843
