avg triplet loss (train set)	
 2.0189e-01	
 2.0175e-01	
 2.0199e-01	
 2.0218e-01	
 2.0208e-01	
 2.0216e-01	
 2.0303e-01	
 2.0292e-01	
 2.0353e-01	
 2.0287e-01	
 2.0370e-01	
 2.0408e-01	
 2.0433e-01	
 2.0317e-01	
 2.0569e-01	
 2.0429e-01	
 2.0385e-01	
 2.0403e-01	
 2.0529e-01	
 2.0336e-01	
 2.0662e-01	
 2.0431e-01	
 2.0388e-01	
 2.0016e-01	
 2.0694e-01	
 2.0220e-01	
 2.0482e-01	
 2.0455e-01	
 2.0427e-01	
 2.0678e-01	
 2.0358e-01	
 2.0496e-01	
 2.0500e-01	
 2.0432e-01	
 2.0608e-01	
 2.0475e-01	
 2.0572e-01	
 2.0695e-01	
 2.0624e-01	
 2.0403e-01	
 2.0612e-01	
 2.0778e-01	
 2.0641e-01	
 2.0601e-01	
 2.0658e-01	
 2.0404e-01	
 2.0761e-01	
 2.0200e-01	
 2.0528e-01	
 2.0721e-01	
