0.358652476028
0.391944740395
0.369589335301
0.366397658694
0.331365518171
0.377816859872
0.344523284793
0.358173504525
0.353137375693
0.330493707648
0.356916344762
0.331267214794
0.333688192922
0.358558479275
0.34191309607
0.34317100481
0.351976178751
0.346076571777
0.368139126429
0.356429228122
0.348009122553
0.358363744965
0.352750996609
0.355367551647
0.335622803388
0.360978614802
0.353332110002
0.352075324729
0.348106396086
0.366689853781
0.336009556961
0.360785284827
0.358851329717
0.346655438236
0.343268746454
0.36059354643
0.345495645628
0.362720269782
0.353624305089
0.331366173527
0.351010090608
0.343369764877
0.348396156993
0.359429353576
0.366010811499
0.355752432775
0.353330237557
0.373750844941
0.35352759329
0.354494804901
