0.697920854845
0.820091369037
0.869754419874
0.888323143894
0.910600117484
0.918214462285
0.948291826227
0.95321204197
0.942351460716
0.960731985881
0.949406204619
0.963145410101
0.965095356958
0.974471191363
0.972892991078
0.972242865239
0.975212961862
0.978463246529
0.974378513117
0.975399093545
0.97762707514
0.9778123455
0.979762550753
0.980783131181
0.982732819641
0.979483913089
0.983754175258
0.982268480955
0.95553339087
0.984682421969
0.977998477183
0.983661066351
0.98347536533
0.98301085438
0.985146416125
0.98588956474
0.988766983116
0.985982156854
0.983289664308
0.980969090599
0.985425398318
0.981989843291
0.987839080935
0.98839583947
0.990066631869
0.985331944882
0.987745972028
0.98180414227
0.987095932321
0.982082952198
