avg triplet loss (train set)	
 4.2073e+00	
 4.0453e+00	
 3.9855e+00	
 3.9541e+00	
 3.9337e+00	
 3.9218e+00	
 3.9130e+00	
 3.9063e+00	
 3.9019e+00	
 3.8978e+00	
 3.8971e+00	
 3.8917e+00	
 3.8907e+00	
 3.8893e+00	
 3.8881e+00	
 3.8865e+00	
 3.8842e+00	
 3.8841e+00	
 3.8831e+00	
 3.8822e+00	
 3.8823e+00	
 3.8822e+00	
 3.8812e+00	
 3.8809e+00	
 3.8793e+00	
 3.8796e+00	
 3.8783e+00	
 3.8790e+00	
 3.8786e+00	
 3.8779e+00	
 3.8775e+00	
 3.8774e+00	
 3.8760e+00	
 3.8762e+00	
 3.8754e+00	
 3.8746e+00	
 3.8746e+00	
 3.8742e+00	
 3.8741e+00	
 3.8738e+00	
 3.8729e+00	
 3.8729e+00	
 3.8725e+00	
 3.8724e+00	
 3.8726e+00	
 3.8742e+00	
 3.8722e+00	
 3.8718e+00	
 3.8718e+00	
 3.8721e+00	
